{"/home/runner/workspace/artifacts/api-server/src/middlewares/auth.ts": {"path":"/home/runner/workspace/artifacts/api-server/src/middlewares/auth.ts","statementMap":{"0":{"start":{"line":11,"column":19},"end":{"line":11,"column":86}},"1":{"start":{"line":14,"column":2},"end":{"line":14,"column":70}},"2":{"start":{"line":22,"column":21},"end":{"line":22,"column":46}},"3":{"start":{"line":23,"column":2},"end":{"line":26,"column":3}},"4":{"start":{"line":24,"column":4},"end":{"line":24,"column":68}},"5":{"start":{"line":25,"column":4},"end":{"line":25,"column":11}},"6":{"start":{"line":28,"column":16},"end":{"line":28,"column":35}},"7":{"start":{"line":29,"column":2},"end":{"line":41,"column":3}},"8":{"start":{"line":30,"column":20},"end":{"line":30,"column":86}},"9":{"start":{"line":31,"column":18},"end":{"line":31,"column":102}},"10":{"start":{"line":32,"column":4},"end":{"line":35,"column":5}},"11":{"start":{"line":33,"column":6},"end":{"line":33,"column":72}},"12":{"start":{"line":34,"column":6},"end":{"line":34,"column":13}},"13":{"start":{"line":36,"column":4},"end":{"line":36,"column":32}},"14":{"start":{"line":37,"column":4},"end":{"line":37,"column":34}},"15":{"start":{"line":38,"column":4},"end":{"line":38,"column":11}},"16":{"start":{"line":40,"column":4},"end":{"line":40,"column":68}}},"fnMap":{"0":{"name":"generateToken","decl":{"start":{"line":13,"column":16},"end":{"line":13,"column":29}},"loc":{"start":{"line":13,"column":59},"end":{"line":15,"column":1}}},"1":{"name":"requireAuth","decl":{"start":{"line":17,"column":22},"end":{"line":17,"column":33}},"loc":{"start":{"line":20,"column":20},"end":{"line":42,"column":1}}}},"branchMap":{"0":{"loc":{"start":{"line":11,"column":19},"end":{"line":11,"column":86}},"type":"binary-expr","locations":[{"start":{"line":11,"column":19},"end":{"line":11,"column":41}},{"start":{"line":11,"column":45},"end":{"line":11,"column":86}}]},"1":{"loc":{"start":{"line":23,"column":2},"end":{"line":26,"column":3}},"type":"if","locations":[{"start":{"line":23,"column":2},"end":{"line":26,"column":3}}]},"2":{"loc":{"start":{"line":23,"column":6},"end":{"line":23,"column":54}},"type":"binary-expr","locations":[{"start":{"line":23,"column":6},"end":{"line":23,"column":17}},{"start":{"line":23,"column":21},"end":{"line":23,"column":54}}]},"3":{"loc":{"start":{"line":32,"column":4},"end":{"line":35,"column":5}},"type":"if","locations":[{"start":{"line":32,"column":4},"end":{"line":35,"column":5}}]}},"s":{"0":9,"1":1,"2":114,"3":114,"4":19,"5":19,"6":95,"7":95,"8":95,"9":90,"10":90,"11":2,"12":2,"13":88,"14":88,"15":88,"16":5},"f":{"0":1,"1":114},"b":{"0":[9,9],"1":[19],"2":[114,96],"3":[2]}}
,"/home/runner/workspace/artifacts/api-server/src/routes/calendar.ts": {"path":"/home/runner/workspace/artifacts/api-server/src/routes/calendar.ts","statementMap":{"0":{"start":{"line":5,"column":15},"end":{"line":5,"column":23}},"1":{"start":{"line":7,"column":0},"end":{"line":23,"column":3}},"2":{"start":{"line":8,"column":2},"end":{"line":22,"column":3}},"3":{"start":{"line":9,"column":28},"end":{"line":9,"column":74}},"4":{"start":{"line":10,"column":23},"end":{"line":10,"column":70}},"5":{"start":{"line":11,"column":24},"end":{"line":11,"column":73}},"6":{"start":{"line":13,"column":19},"end":{"line":13,"column":80}},"7":{"start":{"line":14,"column":4},"end":{"line":17,"column":5}},"8":{"start":{"line":15,"column":6},"end":{"line":15,"column":78}},"9":{"start":{"line":16,"column":6},"end":{"line":16,"column":13}},"10":{"start":{"line":18,"column":4},"end":{"line":18,"column":53}},"11":{"start":{"line":20,"column":4},"end":{"line":20,"column":60}},"12":{"start":{"line":21,"column":4},"end":{"line":21,"column":84}}},"fnMap":{"0":{"name":"(anonymous_0)","decl":{"start":{"line":7,"column":44},"end":{"line":7,"column":49}},"loc":{"start":{"line":7,"column":85},"end":{"line":23,"column":1}}}},"branchMap":{"0":{"loc":{"start":{"line":10,"column":23},"end":{"line":10,"column":70}},"type":"cond-expr","locations":[{"start":{"line":10,"column":44},"end":{"line":10,"column":58}},{"start":{"line":10,"column":61},"end":{"line":10,"column":70}}]},"1":{"loc":{"start":{"line":11,"column":24},"end":{"line":11,"column":73}},"type":"cond-expr","locations":[{"start":{"line":11,"column":46},"end":{"line":11,"column":61}},{"start":{"line":11,"column":64},"end":{"line":11,"column":73}}]},"2":{"loc":{"start":{"line":14,"column":4},"end":{"line":17,"column":5}},"type":"if","locations":[{"start":{"line":14,"column":4},"end":{"line":17,"column":5}}]}},"s":{"0":9,"1":9,"2":8,"3":8,"4":8,"5":8,"6":8,"7":7,"8":3,"9":3,"10":4,"11":1,"12":1},"f":{"0":8},"b":{"0":[6,2],"1":[6,2],"2":[3]}}
,"/home/runner/workspace/artifacts/api-server/src/routes/clubs.ts": {"path":"/home/runner/workspace/artifacts/api-server/src/routes/clubs.ts","statementMap":{"0":{"start":{"line":12,"column":15},"end":{"line":12,"column":23}},"1":{"start":{"line":14,"column":0},"end":{"line":26,"column":3}},"2":{"start":{"line":15,"column":2},"end":{"line":25,"column":3}},"3":{"start":{"line":16,"column":19},"end":{"line":16,"column":63}},"4":{"start":{"line":17,"column":4},"end":{"line":20,"column":5}},"5":{"start":{"line":18,"column":6},"end":{"line":18,"column":78}},"6":{"start":{"line":19,"column":6},"end":{"line":19,"column":13}},"7":{"start":{"line":21,"column":4},"end":{"line":21,"column":52}},"8":{"start":{"line":23,"column":4},"end":{"line":23,"column":50}},"9":{"start":{"line":24,"column":4},"end":{"line":24,"column":84}},"10":{"start":{"line":28,"column":0},"end":{"line":40,"column":3}},"11":{"start":{"line":29,"column":2},"end":{"line":39,"column":3}},"12":{"start":{"line":30,"column":19},"end":{"line":30,"column":70}},"13":{"start":{"line":31,"column":4},"end":{"line":34,"column":5}},"14":{"start":{"line":32,"column":6},"end":{"line":32,"column":78}},"15":{"start":{"line":33,"column":6},"end":{"line":33,"column":13}},"16":{"start":{"line":35,"column":4},"end":{"line":35,"column":52}},"17":{"start":{"line":37,"column":4},"end":{"line":37,"column":58}},"18":{"start":{"line":38,"column":4},"end":{"line":38,"column":84}},"19":{"start":{"line":42,"column":0},"end":{"line":59,"column":3}},"20":{"start":{"line":43,"column":2},"end":{"line":58,"column":3}},"21":{"start":{"line":44,"column":15},"end":{"line":44,"column":48}},"22":{"start":{"line":45,"column":4},"end":{"line":48,"column":5}},"23":{"start":{"line":46,"column":6},"end":{"line":46,"column":67}},"24":{"start":{"line":47,"column":6},"end":{"line":47,"column":13}},"25":{"start":{"line":49,"column":19},"end":{"line":49,"column":65}},"26":{"start":{"line":50,"column":4},"end":{"line":53,"column":5}},"27":{"start":{"line":51,"column":6},"end":{"line":51,"column":78}},"28":{"start":{"line":52,"column":6},"end":{"line":52,"column":13}},"29":{"start":{"line":54,"column":4},"end":{"line":54,"column":51}},"30":{"start":{"line":56,"column":4},"end":{"line":56,"column":54}},"31":{"start":{"line":57,"column":4},"end":{"line":57,"column":84}},"32":{"start":{"line":61,"column":0},"end":{"line":73,"column":3}},"33":{"start":{"line":62,"column":2},"end":{"line":72,"column":3}},"34":{"start":{"line":63,"column":19},"end":{"line":63,"column":74}},"35":{"start":{"line":64,"column":4},"end":{"line":67,"column":5}},"36":{"start":{"line":65,"column":6},"end":{"line":65,"column":78}},"37":{"start":{"line":66,"column":6},"end":{"line":66,"column":13}},"38":{"start":{"line":68,"column":4},"end":{"line":68,"column":74}},"39":{"start":{"line":70,"column":4},"end":{"line":70,"column":51}},"40":{"start":{"line":71,"column":4},"end":{"line":71,"column":84}},"41":{"start":{"line":75,"column":0},"end":{"line":92,"column":3}},"42":{"start":{"line":76,"column":2},"end":{"line":91,"column":3}},"43":{"start":{"line":77,"column":15},"end":{"line":77,"column":48}},"44":{"start":{"line":78,"column":4},"end":{"line":81,"column":5}},"45":{"start":{"line":79,"column":6},"end":{"line":79,"column":67}},"46":{"start":{"line":80,"column":6},"end":{"line":80,"column":13}},"47":{"start":{"line":82,"column":19},"end":{"line":82,"column":78}},"48":{"start":{"line":83,"column":4},"end":{"line":86,"column":5}},"49":{"start":{"line":84,"column":6},"end":{"line":84,"column":78}},"50":{"start":{"line":85,"column":6},"end":{"line":85,"column":13}},"51":{"start":{"line":87,"column":4},"end":{"line":87,"column":32}},"52":{"start":{"line":89,"column":4},"end":{"line":89,"column":54}},"53":{"start":{"line":90,"column":4},"end":{"line":90,"column":84}},"54":{"start":{"line":94,"column":0},"end":{"line":111,"column":3}},"55":{"start":{"line":95,"column":2},"end":{"line":110,"column":3}},"56":{"start":{"line":96,"column":15},"end":{"line":96,"column":48}},"57":{"start":{"line":97,"column":4},"end":{"line":100,"column":5}},"58":{"start":{"line":98,"column":6},"end":{"line":98,"column":67}},"59":{"start":{"line":99,"column":6},"end":{"line":99,"column":13}},"60":{"start":{"line":101,"column":19},"end":{"line":101,"column":68}},"61":{"start":{"line":102,"column":4},"end":{"line":105,"column":5}},"62":{"start":{"line":103,"column":6},"end":{"line":103,"column":78}},"63":{"start":{"line":104,"column":6},"end":{"line":104,"column":13}},"64":{"start":{"line":106,"column":4},"end":{"line":106,"column":32}},"65":{"start":{"line":108,"column":4},"end":{"line":108,"column":57}},"66":{"start":{"line":109,"column":4},"end":{"line":109,"column":84}}},"fnMap":{"0":{"name":"(anonymous_0)","decl":{"start":{"line":14,"column":34},"end":{"line":14,"column":39}},"loc":{"start":{"line":14,"column":75},"end":{"line":26,"column":1}}},"1":{"name":"(anonymous_1)","decl":{"start":{"line":28,"column":42},"end":{"line":28,"column":47}},"loc":{"start":{"line":28,"column":83},"end":{"line":40,"column":1}}},"2":{"name":"(anonymous_2)","decl":{"start":{"line":42,"column":38},"end":{"line":42,"column":43}},"loc":{"start":{"line":42,"column":79},"end":{"line":59,"column":1}}},"3":{"name":"(anonymous_3)","decl":{"start":{"line":61,"column":35},"end":{"line":61,"column":40}},"loc":{"start":{"line":61,"column":76},"end":{"line":73,"column":1}}},"4":{"name":"(anonymous_4)","decl":{"start":{"line":75,"column":38},"end":{"line":75,"column":43}},"loc":{"start":{"line":75,"column":79},"end":{"line":92,"column":1}}},"5":{"name":"(anonymous_5)","decl":{"start":{"line":94,"column":41},"end":{"line":94,"column":46}},"loc":{"start":{"line":94,"column":82},"end":{"line":111,"column":1}}}},"branchMap":{"0":{"loc":{"start":{"line":17,"column":4},"end":{"line":20,"column":5}},"type":"if","locations":[{"start":{"line":17,"column":4},"end":{"line":20,"column":5}}]},"1":{"loc":{"start":{"line":31,"column":4},"end":{"line":34,"column":5}},"type":"if","locations":[{"start":{"line":31,"column":4},"end":{"line":34,"column":5}}]},"2":{"loc":{"start":{"line":45,"column":4},"end":{"line":48,"column":5}},"type":"if","locations":[{"start":{"line":45,"column":4},"end":{"line":48,"column":5}}]},"3":{"loc":{"start":{"line":50,"column":4},"end":{"line":53,"column":5}},"type":"if","locations":[{"start":{"line":50,"column":4},"end":{"line":53,"column":5}}]},"4":{"loc":{"start":{"line":64,"column":4},"end":{"line":67,"column":5}},"type":"if","locations":[{"start":{"line":64,"column":4},"end":{"line":67,"column":5}}]},"5":{"loc":{"start":{"line":78,"column":4},"end":{"line":81,"column":5}},"type":"if","locations":[{"start":{"line":78,"column":4},"end":{"line":81,"column":5}}]},"6":{"loc":{"start":{"line":83,"column":4},"end":{"line":86,"column":5}},"type":"if","locations":[{"start":{"line":83,"column":4},"end":{"line":86,"column":5}}]},"7":{"loc":{"start":{"line":97,"column":4},"end":{"line":100,"column":5}},"type":"if","locations":[{"start":{"line":97,"column":4},"end":{"line":100,"column":5}}]},"8":{"loc":{"start":{"line":102,"column":4},"end":{"line":105,"column":5}},"type":"if","locations":[{"start":{"line":102,"column":4},"end":{"line":105,"column":5}}]}},"s":{"0":9,"1":9,"2":3,"3":3,"4":2,"5":0,"6":0,"7":2,"8":1,"9":1,"10":9,"11":4,"12":4,"13":3,"14":0,"15":0,"16":3,"17":1,"18":1,"19":9,"20":5,"21":5,"22":5,"23":1,"24":1,"25":4,"26":3,"27":1,"28":1,"29":2,"30":1,"31":1,"32":9,"33":7,"34":7,"35":6,"36":5,"37":5,"38":1,"39":1,"40":1,"41":9,"42":7,"43":7,"44":7,"45":0,"46":0,"47":7,"48":6,"49":4,"50":4,"51":2,"52":1,"53":1,"54":9,"55":6,"56":6,"57":6,"58":0,"59":0,"60":6,"61":5,"62":3,"63":3,"64":2,"65":1,"66":1},"f":{"0":3,"1":4,"2":5,"3":7,"4":7,"5":6},"b":{"0":[0],"1":[0],"2":[1],"3":[1],"4":[5],"5":[0],"6":[4],"7":[0],"8":[3]}}
,"/home/runner/workspace/artifacts/api-server/src/routes/enrollment.ts": {"path":"/home/runner/workspace/artifacts/api-server/src/routes/enrollment.ts","statementMap":{"0":{"start":{"line":5,"column":15},"end":{"line":5,"column":23}},"1":{"start":{"line":7,"column":0},"end":{"line":24,"column":3}},"2":{"start":{"line":8,"column":2},"end":{"line":23,"column":3}},"3":{"start":{"line":9,"column":19},"end":{"line":9,"column":52}},"4":{"start":{"line":10,"column":4},"end":{"line":13,"column":5}},"5":{"start":{"line":11,"column":6},"end":{"line":11,"column":67}},"6":{"start":{"line":12,"column":6},"end":{"line":12,"column":13}},"7":{"start":{"line":14,"column":19},"end":{"line":14,"column":52}},"8":{"start":{"line":15,"column":4},"end":{"line":18,"column":5}},"9":{"start":{"line":16,"column":6},"end":{"line":16,"column":78}},"10":{"start":{"line":17,"column":6},"end":{"line":17,"column":13}},"11":{"start":{"line":19,"column":4},"end":{"line":19,"column":74}},"12":{"start":{"line":21,"column":4},"end":{"line":21,"column":62}},"13":{"start":{"line":22,"column":4},"end":{"line":22,"column":84}},"14":{"start":{"line":26,"column":0},"end":{"line":43,"column":3}},"15":{"start":{"line":27,"column":2},"end":{"line":42,"column":3}},"16":{"start":{"line":28,"column":19},"end":{"line":28,"column":52}},"17":{"start":{"line":29,"column":4},"end":{"line":32,"column":5}},"18":{"start":{"line":30,"column":6},"end":{"line":30,"column":67}},"19":{"start":{"line":31,"column":6},"end":{"line":31,"column":13}},"20":{"start":{"line":33,"column":19},"end":{"line":33,"column":70}},"21":{"start":{"line":34,"column":4},"end":{"line":37,"column":5}},"22":{"start":{"line":35,"column":6},"end":{"line":35,"column":78}},"23":{"start":{"line":36,"column":6},"end":{"line":36,"column":13}},"24":{"start":{"line":38,"column":4},"end":{"line":38,"column":32}},"25":{"start":{"line":40,"column":4},"end":{"line":40,"column":64}},"26":{"start":{"line":41,"column":4},"end":{"line":41,"column":84}}},"fnMap":{"0":{"name":"(anonymous_0)","decl":{"start":{"line":7,"column":46},"end":{"line":7,"column":51}},"loc":{"start":{"line":7,"column":87},"end":{"line":24,"column":1}}},"1":{"name":"(anonymous_1)","decl":{"start":{"line":26,"column":48},"end":{"line":26,"column":53}},"loc":{"start":{"line":26,"column":89},"end":{"line":43,"column":1}}}},"branchMap":{"0":{"loc":{"start":{"line":10,"column":4},"end":{"line":13,"column":5}},"type":"if","locations":[{"start":{"line":10,"column":4},"end":{"line":13,"column":5}}]},"1":{"loc":{"start":{"line":15,"column":4},"end":{"line":18,"column":5}},"type":"if","locations":[{"start":{"line":15,"column":4},"end":{"line":18,"column":5}}]},"2":{"loc":{"start":{"line":29,"column":4},"end":{"line":32,"column":5}},"type":"if","locations":[{"start":{"line":29,"column":4},"end":{"line":32,"column":5}}]},"3":{"loc":{"start":{"line":34,"column":4},"end":{"line":37,"column":5}},"type":"if","locations":[{"start":{"line":34,"column":4},"end":{"line":37,"column":5}}]}},"s":{"0":9,"1":9,"2":5,"3":5,"4":5,"5":1,"6":1,"7":4,"8":3,"9":1,"10":1,"11":2,"12":1,"13":1,"14":9,"15":5,"16":5,"17":5,"18":1,"19":1,"20":4,"21":3,"22":2,"23":2,"24":1,"25":1,"26":1},"f":{"0":5,"1":5},"b":{"0":[1],"1":[1],"2":[1],"3":[2]}}
,"/home/runner/workspace/artifacts/api-server/src/routes/events.ts": {"path":"/home/runner/workspace/artifacts/api-server/src/routes/events.ts","statementMap":{"0":{"start":{"line":5,"column":15},"end":{"line":5,"column":23}},"1":{"start":{"line":7,"column":0},"end":{"line":24,"column":3}},"2":{"start":{"line":8,"column":2},"end":{"line":23,"column":3}},"3":{"start":{"line":9,"column":19},"end":{"line":9,"column":52}},"4":{"start":{"line":10,"column":4},"end":{"line":13,"column":5}},"5":{"start":{"line":11,"column":6},"end":{"line":11,"column":67}},"6":{"start":{"line":12,"column":6},"end":{"line":12,"column":13}},"7":{"start":{"line":14,"column":19},"end":{"line":14,"column":46}},"8":{"start":{"line":15,"column":4},"end":{"line":18,"column":5}},"9":{"start":{"line":16,"column":6},"end":{"line":16,"column":78}},"10":{"start":{"line":17,"column":6},"end":{"line":17,"column":13}},"11":{"start":{"line":19,"column":4},"end":{"line":19,"column":53}},"12":{"start":{"line":21,"column":4},"end":{"line":21,"column":61}},"13":{"start":{"line":22,"column":4},"end":{"line":22,"column":84}},"14":{"start":{"line":26,"column":0},"end":{"line":43,"column":3}},"15":{"start":{"line":27,"column":2},"end":{"line":42,"column":3}},"16":{"start":{"line":28,"column":19},"end":{"line":28,"column":52}},"17":{"start":{"line":29,"column":4},"end":{"line":32,"column":5}},"18":{"start":{"line":30,"column":6},"end":{"line":30,"column":67}},"19":{"start":{"line":31,"column":6},"end":{"line":31,"column":13}},"20":{"start":{"line":33,"column":19},"end":{"line":33,"column":83}},"21":{"start":{"line":34,"column":4},"end":{"line":37,"column":5}},"22":{"start":{"line":35,"column":6},"end":{"line":35,"column":78}},"23":{"start":{"line":36,"column":6},"end":{"line":36,"column":13}},"24":{"start":{"line":38,"column":4},"end":{"line":38,"column":76}},"25":{"start":{"line":40,"column":4},"end":{"line":40,"column":62}},"26":{"start":{"line":41,"column":4},"end":{"line":41,"column":84}},"27":{"start":{"line":45,"column":0},"end":{"line":62,"column":3}},"28":{"start":{"line":46,"column":2},"end":{"line":61,"column":3}},"29":{"start":{"line":47,"column":20},"end":{"line":47,"column":53}},"30":{"start":{"line":48,"column":4},"end":{"line":51,"column":5}},"31":{"start":{"line":49,"column":6},"end":{"line":49,"column":67}},"32":{"start":{"line":50,"column":6},"end":{"line":50,"column":13}},"33":{"start":{"line":52,"column":19},"end":{"line":52,"column":74}},"34":{"start":{"line":53,"column":4},"end":{"line":56,"column":5}},"35":{"start":{"line":54,"column":6},"end":{"line":54,"column":78}},"36":{"start":{"line":55,"column":6},"end":{"line":55,"column":13}},"37":{"start":{"line":57,"column":4},"end":{"line":57,"column":32}},"38":{"start":{"line":59,"column":4},"end":{"line":59,"column":58}},"39":{"start":{"line":60,"column":4},"end":{"line":60,"column":84}}},"fnMap":{"0":{"name":"(anonymous_0)","decl":{"start":{"line":7,"column":45},"end":{"line":7,"column":50}},"loc":{"start":{"line":7,"column":86},"end":{"line":24,"column":1}}},"1":{"name":"(anonymous_1)","decl":{"start":{"line":26,"column":46},"end":{"line":26,"column":51}},"loc":{"start":{"line":26,"column":87},"end":{"line":43,"column":1}}},"2":{"name":"(anonymous_2)","decl":{"start":{"line":45,"column":42},"end":{"line":45,"column":47}},"loc":{"start":{"line":45,"column":83},"end":{"line":62,"column":1}}}},"branchMap":{"0":{"loc":{"start":{"line":10,"column":4},"end":{"line":13,"column":5}},"type":"if","locations":[{"start":{"line":10,"column":4},"end":{"line":13,"column":5}}]},"1":{"loc":{"start":{"line":15,"column":4},"end":{"line":18,"column":5}},"type":"if","locations":[{"start":{"line":15,"column":4},"end":{"line":18,"column":5}}]},"2":{"loc":{"start":{"line":29,"column":4},"end":{"line":32,"column":5}},"type":"if","locations":[{"start":{"line":29,"column":4},"end":{"line":32,"column":5}}]},"3":{"loc":{"start":{"line":34,"column":4},"end":{"line":37,"column":5}},"type":"if","locations":[{"start":{"line":34,"column":4},"end":{"line":37,"column":5}}]},"4":{"loc":{"start":{"line":48,"column":4},"end":{"line":51,"column":5}},"type":"if","locations":[{"start":{"line":48,"column":4},"end":{"line":51,"column":5}}]},"5":{"loc":{"start":{"line":53,"column":4},"end":{"line":56,"column":5}},"type":"if","locations":[{"start":{"line":53,"column":4},"end":{"line":56,"column":5}}]}},"s":{"0":9,"1":9,"2":4,"3":4,"4":4,"5":1,"6":1,"7":3,"8":2,"9":1,"10":1,"11":1,"12":1,"13":1,"14":9,"15":6,"16":6,"17":6,"18":0,"19":0,"20":6,"21":5,"22":4,"23":4,"24":1,"25":1,"26":1,"27":9,"28":5,"29":5,"30":5,"31":1,"32":1,"33":4,"34":3,"35":2,"36":2,"37":1,"38":1,"39":1},"f":{"0":4,"1":6,"2":5},"b":{"0":[1],"1":[1],"2":[0],"3":[4],"4":[1],"5":[2]}}
,"/home/runner/workspace/artifacts/api-server/src/routes/leaders.ts": {"path":"/home/runner/workspace/artifacts/api-server/src/routes/leaders.ts","statementMap":{"0":{"start":{"line":5,"column":15},"end":{"line":5,"column":23}},"1":{"start":{"line":7,"column":0},"end":{"line":24,"column":3}},"2":{"start":{"line":8,"column":2},"end":{"line":23,"column":3}},"3":{"start":{"line":9,"column":19},"end":{"line":9,"column":52}},"4":{"start":{"line":10,"column":4},"end":{"line":13,"column":5}},"5":{"start":{"line":11,"column":6},"end":{"line":11,"column":67}},"6":{"start":{"line":12,"column":6},"end":{"line":12,"column":13}},"7":{"start":{"line":14,"column":19},"end":{"line":14,"column":81}},"8":{"start":{"line":15,"column":4},"end":{"line":18,"column":5}},"9":{"start":{"line":16,"column":6},"end":{"line":16,"column":78}},"10":{"start":{"line":17,"column":6},"end":{"line":17,"column":13}},"11":{"start":{"line":19,"column":4},"end":{"line":19,"column":78}},"12":{"start":{"line":21,"column":4},"end":{"line":21,"column":60}},"13":{"start":{"line":22,"column":4},"end":{"line":22,"column":84}},"14":{"start":{"line":26,"column":0},"end":{"line":44,"column":3}},"15":{"start":{"line":27,"column":2},"end":{"line":43,"column":3}},"16":{"start":{"line":28,"column":19},"end":{"line":28,"column":52}},"17":{"start":{"line":29,"column":25},"end":{"line":29,"column":62}},"18":{"start":{"line":30,"column":4},"end":{"line":33,"column":5}},"19":{"start":{"line":31,"column":6},"end":{"line":31,"column":67}},"20":{"start":{"line":32,"column":6},"end":{"line":32,"column":13}},"21":{"start":{"line":34,"column":19},"end":{"line":34,"column":88}},"22":{"start":{"line":35,"column":4},"end":{"line":38,"column":5}},"23":{"start":{"line":36,"column":6},"end":{"line":36,"column":78}},"24":{"start":{"line":37,"column":6},"end":{"line":37,"column":13}},"25":{"start":{"line":39,"column":4},"end":{"line":39,"column":32}},"26":{"start":{"line":41,"column":4},"end":{"line":41,"column":70}},"27":{"start":{"line":42,"column":4},"end":{"line":42,"column":84}}},"fnMap":{"0":{"name":"(anonymous_0)","decl":{"start":{"line":7,"column":47},"end":{"line":7,"column":52}},"loc":{"start":{"line":7,"column":88},"end":{"line":24,"column":1}}},"1":{"name":"(anonymous_1)","decl":{"start":{"line":26,"column":57},"end":{"line":26,"column":62}},"loc":{"start":{"line":26,"column":98},"end":{"line":44,"column":1}}}},"branchMap":{"0":{"loc":{"start":{"line":10,"column":4},"end":{"line":13,"column":5}},"type":"if","locations":[{"start":{"line":10,"column":4},"end":{"line":13,"column":5}}]},"1":{"loc":{"start":{"line":15,"column":4},"end":{"line":18,"column":5}},"type":"if","locations":[{"start":{"line":15,"column":4},"end":{"line":18,"column":5}}]},"2":{"loc":{"start":{"line":30,"column":4},"end":{"line":33,"column":5}},"type":"if","locations":[{"start":{"line":30,"column":4},"end":{"line":33,"column":5}}]},"3":{"loc":{"start":{"line":30,"column":8},"end":{"line":30,"column":44}},"type":"binary-expr","locations":[{"start":{"line":30,"column":8},"end":{"line":30,"column":21}},{"start":{"line":30,"column":25},"end":{"line":30,"column":44}}]},"4":{"loc":{"start":{"line":35,"column":4},"end":{"line":38,"column":5}},"type":"if","locations":[{"start":{"line":35,"column":4},"end":{"line":38,"column":5}}]}},"s":{"0":9,"1":9,"2":6,"3":6,"4":6,"5":1,"6":1,"7":5,"8":4,"9":3,"10":3,"11":1,"12":1,"13":1,"14":9,"15":6,"16":6,"17":6,"18":6,"19":1,"20":1,"21":5,"22":4,"23":3,"24":3,"25":1,"26":1,"27":1},"f":{"0":6,"1":6},"b":{"0":[1],"1":[3],"2":[1],"3":[6,5],"4":[3]}}
,"/home/runner/workspace/artifacts/api-server/src/routes/user.ts": {"path":"/home/runner/workspace/artifacts/api-server/src/routes/user.ts","statementMap":{"0":{"start":{"line":5,"column":15},"end":{"line":5,"column":23}},"1":{"start":{"line":7,"column":0},"end":{"line":19,"column":3}},"2":{"start":{"line":8,"column":2},"end":{"line":18,"column":3}},"3":{"start":{"line":9,"column":19},"end":{"line":9,"column":43}},"4":{"start":{"line":10,"column":4},"end":{"line":13,"column":5}},"5":{"start":{"line":11,"column":6},"end":{"line":11,"column":78}},"6":{"start":{"line":12,"column":6},"end":{"line":12,"column":13}},"7":{"start":{"line":14,"column":4},"end":{"line":14,"column":51}},"8":{"start":{"line":16,"column":4},"end":{"line":16,"column":52}},"9":{"start":{"line":17,"column":4},"end":{"line":17,"column":84}},"10":{"start":{"line":21,"column":0},"end":{"line":33,"column":3}},"11":{"start":{"line":22,"column":2},"end":{"line":32,"column":3}},"12":{"start":{"line":23,"column":19},"end":{"line":23,"column":49}},"13":{"start":{"line":24,"column":4},"end":{"line":27,"column":5}},"14":{"start":{"line":25,"column":6},"end":{"line":25,"column":78}},"15":{"start":{"line":26,"column":6},"end":{"line":26,"column":13}},"16":{"start":{"line":28,"column":4},"end":{"line":28,"column":55}},"17":{"start":{"line":30,"column":4},"end":{"line":30,"column":58}},"18":{"start":{"line":31,"column":4},"end":{"line":31,"column":84}},"19":{"start":{"line":35,"column":0},"end":{"line":47,"column":3}},"20":{"start":{"line":36,"column":2},"end":{"line":46,"column":3}},"21":{"start":{"line":37,"column":19},"end":{"line":37,"column":62}},"22":{"start":{"line":38,"column":4},"end":{"line":41,"column":5}},"23":{"start":{"line":39,"column":6},"end":{"line":39,"column":78}},"24":{"start":{"line":40,"column":6},"end":{"line":40,"column":13}},"25":{"start":{"line":42,"column":4},"end":{"line":42,"column":55}},"26":{"start":{"line":44,"column":4},"end":{"line":44,"column":58}},"27":{"start":{"line":45,"column":4},"end":{"line":45,"column":84}}},"fnMap":{"0":{"name":"(anonymous_0)","decl":{"start":{"line":7,"column":36},"end":{"line":7,"column":41}},"loc":{"start":{"line":7,"column":77},"end":{"line":19,"column":1}}},"1":{"name":"(anonymous_1)","decl":{"start":{"line":21,"column":42},"end":{"line":21,"column":47}},"loc":{"start":{"line":21,"column":83},"end":{"line":33,"column":1}}},"2":{"name":"(anonymous_2)","decl":{"start":{"line":35,"column":42},"end":{"line":35,"column":47}},"loc":{"start":{"line":35,"column":83},"end":{"line":47,"column":1}}}},"branchMap":{"0":{"loc":{"start":{"line":10,"column":4},"end":{"line":13,"column":5}},"type":"if","locations":[{"start":{"line":10,"column":4},"end":{"line":13,"column":5}}]},"1":{"loc":{"start":{"line":24,"column":4},"end":{"line":27,"column":5}},"type":"if","locations":[{"start":{"line":24,"column":4},"end":{"line":27,"column":5}}]},"2":{"loc":{"start":{"line":38,"column":4},"end":{"line":41,"column":5}},"type":"if","locations":[{"start":{"line":38,"column":4},"end":{"line":41,"column":5}}]}},"s":{"0":9,"1":9,"2":4,"3":4,"4":3,"5":1,"6":1,"7":2,"8":1,"9":1,"10":9,"11":3,"12":3,"13":2,"14":1,"15":1,"16":1,"17":1,"18":1,"19":9,"20":4,"21":4,"22":3,"23":1,"24":1,"25":2,"26":1,"27":1},"f":{"0":4,"1":3,"2":4},"b":{"0":[1],"1":[1],"2":[1]}}
,"/home/runner/workspace/artifacts/api-server/src/services/calendarService.ts": {"path":"/home/runner/workspace/artifacts/api-server/src/services/calendarService.ts","statementMap":{"0":{"start":{"line":22,"column":2},"end":{"line":24,"column":3}},"1":{"start":{"line":23,"column":4},"end":{"line":23,"column":64}},"2":{"start":{"line":29,"column":2},"end":{"line":43,"column":3}},"3":{"start":{"line":30,"column":4},"end":{"line":32,"column":5}},"4":{"start":{"line":31,"column":6},"end":{"line":31,"column":47}},"5":{"start":{"line":33,"column":4},"end":{"line":33,"column":63}},"6":{"start":{"line":34,"column":20},"end":{"line":34,"column":54}},"7":{"start":{"line":35,"column":4},"end":{"line":35,"column":94}},"8":{"start":{"line":37,"column":16},"end":{"line":37,"column":26}},"9":{"start":{"line":38,"column":14},"end":{"line":38,"column":34}},"10":{"start":{"line":39,"column":14},"end":{"line":39,"column":35}},"11":{"start":{"line":40,"column":4},"end":{"line":40,"column":56}},"12":{"start":{"line":41,"column":20},"end":{"line":41,"column":47}},"13":{"start":{"line":42,"column":4},"end":{"line":42,"column":87}},"14":{"start":{"line":45,"column":17},"end":{"line":59,"column":70}},"15":{"start":{"line":61,"column":22},"end":{"line":64,"column":48}},"16":{"start":{"line":66,"column":26},"end":{"line":66,"column":68}},"17":{"start":{"line":66,"column":57},"end":{"line":66,"column":66}},"18":{"start":{"line":68,"column":2},"end":{"line":80,"column":4}},"19":{"start":{"line":69,"column":23},"end":{"line":79,"column":6}}},"fnMap":{"0":{"name":"getCalendarEvents","decl":{"start":{"line":17,"column":22},"end":{"line":17,"column":39}},"loc":{"start":{"line":20,"column":16},"end":{"line":81,"column":1}}},"1":{"name":"(anonymous_1)","decl":{"start":{"line":66,"column":50},"end":{"line":66,"column":51}},"loc":{"start":{"line":66,"column":57},"end":{"line":66,"column":66}}},"2":{"name":"(anonymous_2)","decl":{"start":{"line":69,"column":15},"end":{"line":69,"column":16}},"loc":{"start":{"line":69,"column":23},"end":{"line":79,"column":6}}}},"branchMap":{"0":{"loc":{"start":{"line":22,"column":2},"end":{"line":24,"column":3}},"type":"if","locations":[{"start":{"line":22,"column":2},"end":{"line":24,"column":3}}]},"1":{"loc":{"start":{"line":29,"column":2},"end":{"line":43,"column":3}},"type":"if","locations":[{"start":{"line":29,"column":2},"end":{"line":43,"column":3}},{"start":{"line":36,"column":9},"end":{"line":43,"column":3}}]},"2":{"loc":{"start":{"line":29,"column":6},"end":{"line":29,"column":47}},"type":"binary-expr","locations":[{"start":{"line":29,"column":6},"end":{"line":29,"column":24}},{"start":{"line":29,"column":28},"end":{"line":29,"column":47}}]},"3":{"loc":{"start":{"line":30,"column":4},"end":{"line":32,"column":5}},"type":"if","locations":[{"start":{"line":30,"column":4},"end":{"line":32,"column":5}}]},"4":{"loc":{"start":{"line":30,"column":8},"end":{"line":30,"column":62}},"type":"binary-expr","locations":[{"start":{"line":30,"column":8},"end":{"line":30,"column":19}},{"start":{"line":30,"column":23},"end":{"line":30,"column":35}},{"start":{"line":30,"column":39},"end":{"line":30,"column":48}},{"start":{"line":30,"column":52},"end":{"line":30,"column":62}}]}},"s":{"0":8,"1":2,"2":6,"3":5,"4":1,"5":4,"6":4,"7":4,"8":1,"9":1,"10":1,"11":1,"12":1,"13":1,"14":5,"15":4,"16":4,"17":3,"18":4,"19":3},"f":{"0":8,"1":3,"2":3},"b":{"0":[2],"1":[5,1],"2":[6,5],"3":[1],"4":[5,5,5,5]}}
,"/home/runner/workspace/artifacts/api-server/src/services/clubService.ts": {"path":"/home/runner/workspace/artifacts/api-server/src/services/clubService.ts","statementMap":{"0":{"start":{"line":71,"column":16},"end":{"line":71,"column":80}},"1":{"start":{"line":72,"column":22},"end":{"line":75,"column":48}},"2":{"start":{"line":76,"column":18},"end":{"line":76,"column":58}},"3":{"start":{"line":78,"column":26},"end":{"line":78,"column":68}},"4":{"start":{"line":78,"column":57},"end":{"line":78,"column":66}},"5":{"start":{"line":80,"column":33},"end":{"line":99,"column":4}},"6":{"start":{"line":81,"column":23},"end":{"line":81,"column":51}},"7":{"start":{"line":82,"column":24},"end":{"line":82,"column":68}},"8":{"start":{"line":82,"column":46},"end":{"line":82,"column":67}},"9":{"start":{"line":83,"column":25},"end":{"line":84,"column":null}},"10":{"start":{"line":84,"column":13},"end":{"line":84,"column":58}},"11":{"start":{"line":86,"column":4},"end":{"line":98,"column":6}},"12":{"start":{"line":101,"column":2},"end":{"line":101,"column":20}},"13":{"start":{"line":108,"column":16},"end":{"line":108,"column":26}},"14":{"start":{"line":110,"column":26},"end":{"line":114,"column":null}},"15":{"start":{"line":117,"column":2},"end":{"line":124,"column":3}},"16":{"start":{"line":118,"column":4},"end":{"line":123,"column":5}},"17":{"start":{"line":119,"column":6},"end":{"line":122,"column":51}},"18":{"start":{"line":126,"column":18},"end":{"line":126,"column":69}},"19":{"start":{"line":126,"column":57},"end":{"line":126,"column":66}},"20":{"start":{"line":127,"column":2},"end":{"line":129,"column":3}},"21":{"start":{"line":128,"column":4},"end":{"line":128,"column":18}},"22":{"start":{"line":131,"column":32},"end":{"line":131,"column":34}},"23":{"start":{"line":132,"column":2},"end":{"line":168,"column":3}},"24":{"start":{"line":133,"column":20},"end":{"line":137,"column":15}},"25":{"start":{"line":138,"column":4},"end":{"line":138,"column":30}},"26":{"start":{"line":138,"column":21},"end":{"line":138,"column":30}},"27":{"start":{"line":139,"column":17},"end":{"line":139,"column":27}},"28":{"start":{"line":141,"column":21},"end":{"line":141,"column":70}},"29":{"start":{"line":141,"column":49},"end":{"line":141,"column":69}},"30":{"start":{"line":143,"column":47},"end":{"line":152,"column":6}},"31":{"start":{"line":154,"column":4},"end":{"line":167,"column":7}},"32":{"start":{"line":170,"column":2},"end":{"line":170,"column":20}},"33":{"start":{"line":178,"column":18},"end":{"line":182,"column":13}},"34":{"start":{"line":184,"column":2},"end":{"line":186,"column":3}},"35":{"start":{"line":185,"column":4},"end":{"line":185,"column":33}},"36":{"start":{"line":188,"column":15},"end":{"line":188,"column":25}},"37":{"start":{"line":189,"column":16},"end":{"line":189,"column":26}},"38":{"start":{"line":191,"column":48},"end":{"line":205,"column":4}},"39":{"start":{"line":207,"column":21},"end":{"line":207,"column":42}},"40":{"start":{"line":208,"column":23},"end":{"line":209,"column":null}},"41":{"start":{"line":209,"column":11},"end":{"line":209,"column":56}},"42":{"start":{"line":212,"column":2},"end":{"line":219,"column":3}},"43":{"start":{"line":213,"column":4},"end":{"line":218,"column":5}},"44":{"start":{"line":214,"column":6},"end":{"line":217,"column":51}},"45":{"start":{"line":221,"column":2},"end":{"line":242,"column":5}},"46":{"start":{"line":233,"column":33},"end":{"line":233,"column":79}},"47":{"start":{"line":234,"column":48},"end":{"line":241,"column":6}},"48":{"start":{"line":250,"column":104},"end":{"line":250,"column":109}},"49":{"start":{"line":252,"column":2},"end":{"line":254,"column":3}},"50":{"start":{"line":253,"column":4},"end":{"line":253,"column":45}},"51":{"start":{"line":256,"column":2},"end":{"line":258,"column":3}},"52":{"start":{"line":257,"column":4},"end":{"line":257,"column":41}},"53":{"start":{"line":260,"column":2},"end":{"line":262,"column":3}},"54":{"start":{"line":261,"column":4},"end":{"line":261,"column":55}},"55":{"start":{"line":264,"column":22},"end":{"line":268,"column":13}},"56":{"start":{"line":270,"column":24},"end":{"line":270,"column":93}},"57":{"start":{"line":270,"column":44},"end":{"line":270,"column":92}},"58":{"start":{"line":271,"column":2},"end":{"line":273,"column":3}},"59":{"start":{"line":272,"column":4},"end":{"line":272,"column":69}},"60":{"start":{"line":275,"column":19},"end":{"line":279,"column":13}},"61":{"start":{"line":281,"column":2},"end":{"line":283,"column":3}},"62":{"start":{"line":282,"column":4},"end":{"line":282,"column":60}},"63":{"start":{"line":285,"column":18},"end":{"line":285,"column":65}},"64":{"start":{"line":286,"column":17},"end":{"line":299,"column":16}},"65":{"start":{"line":301,"column":23},"end":{"line":301,"column":57}},"66":{"start":{"line":303,"column":2},"end":{"line":312,"column":3}},"67":{"start":{"line":304,"column":26},"end":{"line":304,"column":55}},"68":{"start":{"line":305,"column":4},"end":{"line":311,"column":7}},"69":{"start":{"line":314,"column":2},"end":{"line":317,"column":27}},"70":{"start":{"line":319,"column":2},"end":{"line":319,"column":34}},"71":{"start":{"line":328,"column":18},"end":{"line":332,"column":13}},"72":{"start":{"line":334,"column":2},"end":{"line":336,"column":3}},"73":{"start":{"line":335,"column":4},"end":{"line":335,"column":33}},"74":{"start":{"line":338,"column":16},"end":{"line":338,"column":68}},"75":{"start":{"line":339,"column":2},"end":{"line":341,"column":3}},"76":{"start":{"line":340,"column":4},"end":{"line":340,"column":57}},"77":{"start":{"line":343,"column":104},"end":{"line":343,"column":109}},"78":{"start":{"line":345,"column":2},"end":{"line":354,"column":3}},"79":{"start":{"line":346,"column":21},"end":{"line":350,"column":15}},"80":{"start":{"line":351,"column":4},"end":{"line":353,"column":5}},"81":{"start":{"line":352,"column":6},"end":{"line":352,"column":62}},"82":{"start":{"line":356,"column":2},"end":{"line":358,"column":3}},"83":{"start":{"line":357,"column":4},"end":{"line":357,"column":41}},"84":{"start":{"line":360,"column":21},"end":{"line":363,"column":48}},"85":{"start":{"line":365,"column":24},"end":{"line":365,"column":56}},"86":{"start":{"line":366,"column":2},"end":{"line":368,"column":3}},"87":{"start":{"line":367,"column":4},"end":{"line":367,"column":42}},"88":{"start":{"line":370,"column":18},"end":{"line":370,"column":84}},"89":{"start":{"line":372,"column":2},"end":{"line":384,"column":38}},"90":{"start":{"line":386,"column":2},"end":{"line":397,"column":3}},"91":{"start":{"line":387,"column":4},"end":{"line":387,"column":82}},"92":{"start":{"line":388,"column":4},"end":{"line":396,"column":5}},"93":{"start":{"line":389,"column":6},"end":{"line":395,"column":9}},"94":{"start":{"line":399,"column":2},"end":{"line":399,"column":23}},"95":{"start":{"line":407,"column":18},"end":{"line":411,"column":13}},"96":{"start":{"line":413,"column":2},"end":{"line":415,"column":3}},"97":{"start":{"line":414,"column":4},"end":{"line":414,"column":33}},"98":{"start":{"line":417,"column":16},"end":{"line":417,"column":68}},"99":{"start":{"line":418,"column":2},"end":{"line":420,"column":3}},"100":{"start":{"line":419,"column":4},"end":{"line":419,"column":57}},"101":{"start":{"line":422,"column":2},"end":{"line":422,"column":63}},"102":{"start":{"line":424,"column":2},"end":{"line":424,"column":23}}},"fnMap":{"0":{"name":"listClubs","decl":{"start":{"line":67,"column":22},"end":{"line":67,"column":31}},"loc":{"start":{"line":69,"column":19},"end":{"line":102,"column":1}}},"1":{"name":"(anonymous_1)","decl":{"start":{"line":78,"column":50},"end":{"line":78,"column":51}},"loc":{"start":{"line":78,"column":57},"end":{"line":78,"column":66}}},"2":{"name":"(anonymous_2)","decl":{"start":{"line":80,"column":43},"end":{"line":80,"column":44}},"loc":{"start":{"line":80,"column":52},"end":{"line":99,"column":3}}},"3":{"name":"(anonymous_3)","decl":{"start":{"line":82,"column":39},"end":{"line":82,"column":40}},"loc":{"start":{"line":82,"column":46},"end":{"line":82,"column":67}}},"4":{"name":"(anonymous_4)","decl":{"start":{"line":84,"column":6},"end":{"line":84,"column":7}},"loc":{"start":{"line":84,"column":13},"end":{"line":84,"column":58}}},"5":{"name":"listLeadingClubs","decl":{"start":{"line":104,"column":22},"end":{"line":104,"column":38}},"loc":{"start":{"line":106,"column":19},"end":{"line":171,"column":1}}},"6":{"name":"(anonymous_6)","decl":{"start":{"line":126,"column":50},"end":{"line":126,"column":51}},"loc":{"start":{"line":126,"column":57},"end":{"line":126,"column":66}}},"7":{"name":"(anonymous_7)","decl":{"start":{"line":141,"column":42},"end":{"line":141,"column":43}},"loc":{"start":{"line":141,"column":49},"end":{"line":141,"column":69}}},"8":{"name":"getClub","decl":{"start":{"line":173,"column":22},"end":{"line":173,"column":29}},"loc":{"start":{"line":176,"column":19},"end":{"line":243,"column":1}}},"9":{"name":"(anonymous_9)","decl":{"start":{"line":209,"column":4},"end":{"line":209,"column":5}},"loc":{"start":{"line":209,"column":11},"end":{"line":209,"column":56}}},"10":{"name":"(anonymous_10)","decl":{"start":{"line":233,"column":25},"end":{"line":233,"column":26}},"loc":{"start":{"line":233,"column":33},"end":{"line":233,"column":79}}},"11":{"name":"(anonymous_11)","decl":{"start":{"line":234,"column":40},"end":{"line":234,"column":41}},"loc":{"start":{"line":234,"column":48},"end":{"line":241,"column":6}}},"12":{"name":"createClub","decl":{"start":{"line":245,"column":22},"end":{"line":245,"column":32}},"loc":{"start":{"line":248,"column":19},"end":{"line":320,"column":1}}},"13":{"name":"(anonymous_13)","decl":{"start":{"line":270,"column":37},"end":{"line":270,"column":38}},"loc":{"start":{"line":270,"column":44},"end":{"line":270,"column":92}}},"14":{"name":"updateClub","decl":{"start":{"line":322,"column":22},"end":{"line":322,"column":32}},"loc":{"start":{"line":326,"column":19},"end":{"line":400,"column":1}}},"15":{"name":"deleteClub","decl":{"start":{"line":402,"column":22},"end":{"line":402,"column":32}},"loc":{"start":{"line":405,"column":19},"end":{"line":425,"column":1}}}},"branchMap":{"0":{"loc":{"start":{"line":84,"column":13},"end":{"line":84,"column":58}},"type":"binary-expr","locations":[{"start":{"line":84,"column":13},"end":{"line":84,"column":33}},{"start":{"line":84,"column":37},"end":{"line":84,"column":58}}]},"1":{"loc":{"start":{"line":118,"column":4},"end":{"line":123,"column":5}},"type":"if","locations":[{"start":{"line":118,"column":4},"end":{"line":123,"column":5}}]},"2":{"loc":{"start":{"line":127,"column":2},"end":{"line":129,"column":3}},"type":"if","locations":[{"start":{"line":127,"column":2},"end":{"line":129,"column":3}}]},"3":{"loc":{"start":{"line":138,"column":4},"end":{"line":138,"column":30}},"type":"if","locations":[{"start":{"line":138,"column":4},"end":{"line":138,"column":30}}]},"4":{"loc":{"start":{"line":164,"column":17},"end":{"line":164,"column":43}},"type":"binary-expr","locations":[{"start":{"line":164,"column":17},"end":{"line":164,"column":31}},{"start":{"line":164,"column":35},"end":{"line":164,"column":43}}]},"5":{"loc":{"start":{"line":165,"column":27},"end":{"line":165,"column":56}},"type":"binary-expr","locations":[{"start":{"line":165,"column":27},"end":{"line":165,"column":51}},{"start":{"line":165,"column":55},"end":{"line":165,"column":56}}]},"6":{"loc":{"start":{"line":166,"column":36},"end":{"line":166,"column":67}},"type":"binary-expr","locations":[{"start":{"line":166,"column":36},"end":{"line":166,"column":62}},{"start":{"line":166,"column":66},"end":{"line":166,"column":67}}]},"7":{"loc":{"start":{"line":184,"column":2},"end":{"line":186,"column":3}},"type":"if","locations":[{"start":{"line":184,"column":2},"end":{"line":186,"column":3}}]},"8":{"loc":{"start":{"line":209,"column":11},"end":{"line":209,"column":56}},"type":"binary-expr","locations":[{"start":{"line":209,"column":11},"end":{"line":209,"column":31}},{"start":{"line":209,"column":35},"end":{"line":209,"column":56}}]},"9":{"loc":{"start":{"line":213,"column":4},"end":{"line":218,"column":5}},"type":"if","locations":[{"start":{"line":213,"column":4},"end":{"line":218,"column":5}}]},"10":{"loc":{"start":{"line":213,"column":8},"end":{"line":213,"column":53}},"type":"binary-expr","locations":[{"start":{"line":213,"column":8},"end":{"line":213,"column":23}},{"start":{"line":213,"column":27},"end":{"line":213,"column":53}}]},"11":{"loc":{"start":{"line":252,"column":2},"end":{"line":254,"column":3}},"type":"if","locations":[{"start":{"line":252,"column":2},"end":{"line":254,"column":3}}]},"12":{"loc":{"start":{"line":252,"column":6},"end":{"line":252,"column":27}},"type":"binary-expr","locations":[{"start":{"line":252,"column":6},"end":{"line":252,"column":11}},{"start":{"line":252,"column":15},"end":{"line":252,"column":27}}]},"13":{"loc":{"start":{"line":256,"column":2},"end":{"line":258,"column":3}},"type":"if","locations":[{"start":{"line":256,"column":2},"end":{"line":258,"column":3}}]},"14":{"loc":{"start":{"line":260,"column":2},"end":{"line":262,"column":3}},"type":"if","locations":[{"start":{"line":260,"column":2},"end":{"line":262,"column":3}}]},"15":{"loc":{"start":{"line":260,"column":6},"end":{"line":260,"column":53}},"type":"binary-expr","locations":[{"start":{"line":260,"column":6},"end":{"line":260,"column":29}},{"start":{"line":260,"column":33},"end":{"line":260,"column":53}}]},"16":{"loc":{"start":{"line":270,"column":57},"end":{"line":270,"column":91}},"type":"binary-expr","locations":[{"start":{"line":270,"column":57},"end":{"line":270,"column":78}},{"start":{"line":270,"column":82},"end":{"line":270,"column":91}}]},"17":{"loc":{"start":{"line":271,"column":2},"end":{"line":273,"column":3}},"type":"if","locations":[{"start":{"line":271,"column":2},"end":{"line":273,"column":3}}]},"18":{"loc":{"start":{"line":281,"column":2},"end":{"line":283,"column":3}},"type":"if","locations":[{"start":{"line":281,"column":2},"end":{"line":283,"column":3}}]},"19":{"loc":{"start":{"line":290,"column":30},"end":{"line":290,"column":47}},"type":"binary-expr","locations":[{"start":{"line":290,"column":30},"end":{"line":290,"column":41}},{"start":{"line":290,"column":45},"end":{"line":290,"column":47}}]},"20":{"loc":{"start":{"line":293,"column":30},"end":{"line":293,"column":47}},"type":"binary-expr","locations":[{"start":{"line":293,"column":30},"end":{"line":293,"column":41}},{"start":{"line":293,"column":45},"end":{"line":293,"column":47}}]},"21":{"loc":{"start":{"line":294,"column":35},"end":{"line":294,"column":57}},"type":"binary-expr","locations":[{"start":{"line":294,"column":35},"end":{"line":294,"column":51}},{"start":{"line":294,"column":55},"end":{"line":294,"column":57}}]},"22":{"loc":{"start":{"line":295,"column":28},"end":{"line":295,"column":43}},"type":"binary-expr","locations":[{"start":{"line":295,"column":28},"end":{"line":295,"column":37}},{"start":{"line":295,"column":41},"end":{"line":295,"column":43}}]},"23":{"loc":{"start":{"line":296,"column":21},"end":{"line":296,"column":40}},"type":"binary-expr","locations":[{"start":{"line":296,"column":21},"end":{"line":296,"column":34}},{"start":{"line":296,"column":38},"end":{"line":296,"column":40}}]},"24":{"loc":{"start":{"line":301,"column":23},"end":{"line":301,"column":57}},"type":"binary-expr","locations":[{"start":{"line":301,"column":23},"end":{"line":301,"column":44}},{"start":{"line":301,"column":48},"end":{"line":301,"column":57}}]},"25":{"loc":{"start":{"line":307,"column":15},"end":{"line":307,"column":44}},"type":"cond-expr","locations":[{"start":{"line":307,"column":31},"end":{"line":307,"column":37}},{"start":{"line":307,"column":40},"end":{"line":307,"column":44}}]},"26":{"loc":{"start":{"line":334,"column":2},"end":{"line":336,"column":3}},"type":"if","locations":[{"start":{"line":334,"column":2},"end":{"line":336,"column":3}}]},"27":{"loc":{"start":{"line":339,"column":2},"end":{"line":341,"column":3}},"type":"if","locations":[{"start":{"line":339,"column":2},"end":{"line":341,"column":3}}]},"28":{"loc":{"start":{"line":345,"column":2},"end":{"line":354,"column":3}},"type":"if","locations":[{"start":{"line":345,"column":2},"end":{"line":354,"column":3}}]},"29":{"loc":{"start":{"line":345,"column":6},"end":{"line":345,"column":25}},"type":"binary-expr","locations":[{"start":{"line":345,"column":6},"end":{"line":345,"column":10}},{"start":{"line":345,"column":14},"end":{"line":345,"column":25}}]},"30":{"loc":{"start":{"line":351,"column":4},"end":{"line":353,"column":5}},"type":"if","locations":[{"start":{"line":351,"column":4},"end":{"line":353,"column":5}}]},"31":{"loc":{"start":{"line":351,"column":8},"end":{"line":351,"column":56}},"type":"binary-expr","locations":[{"start":{"line":351,"column":8},"end":{"line":351,"column":27}},{"start":{"line":351,"column":31},"end":{"line":351,"column":56}}]},"32":{"loc":{"start":{"line":356,"column":2},"end":{"line":358,"column":3}},"type":"if","locations":[{"start":{"line":356,"column":2},"end":{"line":358,"column":3}}]},"33":{"loc":{"start":{"line":356,"column":6},"end":{"line":356,"column":71}},"type":"binary-expr","locations":[{"start":{"line":356,"column":6},"end":{"line":356,"column":10}},{"start":{"line":356,"column":14},"end":{"line":356,"column":71}}]},"34":{"loc":{"start":{"line":370,"column":18},"end":{"line":370,"column":84}},"type":"cond-expr","locations":[{"start":{"line":370,"column":25},"end":{"line":370,"column":72}},{"start":{"line":370,"column":75},"end":{"line":370,"column":84}}]},"35":{"loc":{"start":{"line":375,"column":10},"end":{"line":375,"column":64}},"type":"cond-expr","locations":[{"start":{"line":375,"column":17},"end":{"line":375,"column":59}},{"start":{"line":375,"column":62},"end":{"line":375,"column":64}}]},"36":{"loc":{"start":{"line":376,"column":10},"end":{"line":376,"column":83}},"type":"cond-expr","locations":[{"start":{"line":376,"column":38},"end":{"line":376,"column":78}},{"start":{"line":376,"column":81},"end":{"line":376,"column":83}}]},"37":{"loc":{"start":{"line":377,"column":10},"end":{"line":377,"column":30}},"type":"cond-expr","locations":[{"start":{"line":377,"column":17},"end":{"line":377,"column":25}},{"start":{"line":377,"column":28},"end":{"line":377,"column":30}}]},"38":{"loc":{"start":{"line":378,"column":10},"end":{"line":378,"column":69}},"type":"cond-expr","locations":[{"start":{"line":378,"column":24},"end":{"line":378,"column":64}},{"start":{"line":378,"column":67},"end":{"line":378,"column":69}}]},"39":{"loc":{"start":{"line":379,"column":10},"end":{"line":379,"column":84}},"type":"cond-expr","locations":[{"start":{"line":379,"column":29},"end":{"line":379,"column":79}},{"start":{"line":379,"column":82},"end":{"line":379,"column":84}}]},"40":{"loc":{"start":{"line":380,"column":10},"end":{"line":380,"column":77}},"type":"cond-expr","locations":[{"start":{"line":380,"column":36},"end":{"line":380,"column":72}},{"start":{"line":380,"column":75},"end":{"line":380,"column":77}}]},"41":{"loc":{"start":{"line":381,"column":10},"end":{"line":381,"column":62}},"type":"cond-expr","locations":[{"start":{"line":381,"column":40},"end":{"line":381,"column":57}},{"start":{"line":381,"column":60},"end":{"line":381,"column":62}}]},"42":{"loc":{"start":{"line":386,"column":2},"end":{"line":397,"column":3}},"type":"if","locations":[{"start":{"line":386,"column":2},"end":{"line":397,"column":3}}]},"43":{"loc":{"start":{"line":391,"column":17},"end":{"line":391,"column":51}},"type":"binary-expr","locations":[{"start":{"line":391,"column":17},"end":{"line":391,"column":43}},{"start":{"line":391,"column":47},"end":{"line":391,"column":51}}]},"44":{"loc":{"start":{"line":413,"column":2},"end":{"line":415,"column":3}},"type":"if","locations":[{"start":{"line":413,"column":2},"end":{"line":415,"column":3}}]},"45":{"loc":{"start":{"line":418,"column":2},"end":{"line":420,"column":3}},"type":"if","locations":[{"start":{"line":418,"column":2},"end":{"line":420,"column":3}}]}},"s":{"0":3,"1":2,"2":2,"3":2,"4":1,"5":2,"6":1,"7":1,"8":1,"9":1,"10":1,"11":1,"12":2,"13":4,"14":4,"15":3,"16":2,"17":1,"18":3,"19":2,"20":3,"21":1,"22":2,"23":2,"24":2,"25":2,"26":0,"27":2,"28":2,"29":2,"30":2,"31":2,"32":2,"33":4,"34":3,"35":1,"36":2,"37":2,"38":2,"39":2,"40":2,"41":2,"42":2,"43":2,"44":1,"45":2,"46":2,"47":0,"48":7,"49":7,"50":1,"51":6,"52":1,"53":5,"54":1,"55":4,"56":3,"57":3,"58":3,"59":1,"60":2,"61":2,"62":1,"63":1,"64":1,"65":1,"66":1,"67":1,"68":1,"69":1,"70":1,"71":7,"72":6,"73":1,"74":5,"75":5,"76":1,"77":4,"78":4,"79":2,"80":2,"81":1,"82":3,"83":1,"84":2,"85":2,"86":2,"87":1,"88":2,"89":2,"90":2,"91":1,"92":1,"93":1,"94":2,"95":6,"96":5,"97":1,"98":4,"99":4,"100":2,"101":2,"102":2},"f":{"0":3,"1":1,"2":1,"3":1,"4":1,"5":4,"6":2,"7":2,"8":4,"9":2,"10":2,"11":0,"12":7,"13":3,"14":7,"15":6},"b":{"0":[1,0],"1":[1],"2":[1],"3":[0],"4":[2,0],"5":[2,0],"6":[2,0],"7":[1],"8":[2,1],"9":[1],"10":[2,1],"11":[1],"12":[7,6],"13":[1],"14":[1],"15":[5,5],"16":[3,0],"17":[1],"18":[1],"19":[1,0],"20":[1,0],"21":[1,0],"22":[1,0],"23":[1,0],"24":[1,0],"25":[1,0],"26":[1],"27":[1],"28":[2],"29":[4,2],"30":[1],"31":[2,1],"32":[1],"33":[3,3],"34":[1,1],"35":[1,1],"36":[2,0],"37":[2,0],"38":[1,1],"39":[1,1],"40":[1,1],"41":[1,1],"42":[1],"43":[1,0],"44":[1],"45":[2]}}
,"/home/runner/workspace/artifacts/api-server/src/services/enrollmentService.ts": {"path":"/home/runner/workspace/artifacts/api-server/src/services/enrollmentService.ts","statementMap":{"0":{"start":{"line":10,"column":18},"end":{"line":14,"column":13}},"1":{"start":{"line":16,"column":2},"end":{"line":18,"column":3}},"2":{"start":{"line":17,"column":4},"end":{"line":17,"column":33}},"3":{"start":{"line":20,"column":19},"end":{"line":26,"column":13}},"4":{"start":{"line":28,"column":2},"end":{"line":30,"column":3}},"5":{"start":{"line":29,"column":4},"end":{"line":29,"column":49}},"6":{"start":{"line":32,"column":23},"end":{"line":35,"column":16}},"7":{"start":{"line":37,"column":2},"end":{"line":37,"column":46}},"8":{"start":{"line":45,"column":18},"end":{"line":49,"column":13}},"9":{"start":{"line":51,"column":2},"end":{"line":53,"column":3}},"10":{"start":{"line":52,"column":4},"end":{"line":52,"column":33}},"11":{"start":{"line":55,"column":18},"end":{"line":58,"column":48}},"12":{"start":{"line":60,"column":16},"end":{"line":60,"column":82}},"13":{"start":{"line":60,"column":36},"end":{"line":60,"column":81}},"14":{"start":{"line":61,"column":2},"end":{"line":63,"column":3}},"15":{"start":{"line":62,"column":4},"end":{"line":62,"column":68}},"16":{"start":{"line":65,"column":2},"end":{"line":67,"column":92}},"17":{"start":{"line":69,"column":2},"end":{"line":69,"column":23}}},"fnMap":{"0":{"name":"enroll","decl":{"start":{"line":6,"column":22},"end":{"line":6,"column":28}},"loc":{"start":{"line":8,"column":16},"end":{"line":38,"column":1}}},"1":{"name":"unenroll","decl":{"start":{"line":40,"column":22},"end":{"line":40,"column":30}},"loc":{"start":{"line":43,"column":19},"end":{"line":70,"column":1}}},"2":{"name":"(anonymous_2)","decl":{"start":{"line":60,"column":29},"end":{"line":60,"column":30}},"loc":{"start":{"line":60,"column":36},"end":{"line":60,"column":81}}}},"branchMap":{"0":{"loc":{"start":{"line":16,"column":2},"end":{"line":18,"column":3}},"type":"if","locations":[{"start":{"line":16,"column":2},"end":{"line":18,"column":3}}]},"1":{"loc":{"start":{"line":28,"column":2},"end":{"line":30,"column":3}},"type":"if","locations":[{"start":{"line":28,"column":2},"end":{"line":30,"column":3}}]},"2":{"loc":{"start":{"line":51,"column":2},"end":{"line":53,"column":3}},"type":"if","locations":[{"start":{"line":51,"column":2},"end":{"line":53,"column":3}}]},"3":{"loc":{"start":{"line":60,"column":36},"end":{"line":60,"column":81}},"type":"binary-expr","locations":[{"start":{"line":60,"column":36},"end":{"line":60,"column":56}},{"start":{"line":60,"column":60},"end":{"line":60,"column":81}}]},"4":{"loc":{"start":{"line":61,"column":2},"end":{"line":63,"column":3}},"type":"if","locations":[{"start":{"line":61,"column":2},"end":{"line":63,"column":3}}]}},"s":{"0":4,"1":3,"2":1,"3":2,"4":2,"5":1,"6":1,"7":1,"8":4,"9":3,"10":1,"11":2,"12":2,"13":1,"14":2,"15":1,"16":1,"17":1},"f":{"0":4,"1":4,"2":1},"b":{"0":[1],"1":[1],"2":[1],"3":[1,0],"4":[1]}}
,"/home/runner/workspace/artifacts/api-server/src/services/eventService.ts": {"path":"/home/runner/workspace/artifacts/api-server/src/services/eventService.ts","statementMap":{"0":{"start":{"line":25,"column":18},"end":{"line":29,"column":13}},"1":{"start":{"line":31,"column":2},"end":{"line":33,"column":3}},"2":{"start":{"line":32,"column":4},"end":{"line":32,"column":33}},"3":{"start":{"line":35,"column":16},"end":{"line":35,"column":26}},"4":{"start":{"line":36,"column":17},"end":{"line":40,"column":70}},"5":{"start":{"line":42,"column":2},"end":{"line":51,"column":4}},"6":{"start":{"line":43,"column":23},"end":{"line":50,"column":6}},"7":{"start":{"line":60,"column":18},"end":{"line":64,"column":13}},"8":{"start":{"line":66,"column":2},"end":{"line":68,"column":3}},"9":{"start":{"line":67,"column":4},"end":{"line":67,"column":33}},"10":{"start":{"line":70,"column":16},"end":{"line":70,"column":68}},"11":{"start":{"line":71,"column":2},"end":{"line":73,"column":3}},"12":{"start":{"line":72,"column":4},"end":{"line":72,"column":57}},"13":{"start":{"line":75,"column":67},"end":{"line":75,"column":72}},"14":{"start":{"line":77,"column":2},"end":{"line":79,"column":3}},"15":{"start":{"line":78,"column":4},"end":{"line":78,"column":80}},"16":{"start":{"line":81,"column":16},"end":{"line":81,"column":26}},"17":{"start":{"line":82,"column":2},"end":{"line":84,"column":3}},"18":{"start":{"line":83,"column":4},"end":{"line":83,"column":65}},"19":{"start":{"line":86,"column":18},"end":{"line":96,"column":16}},"20":{"start":{"line":98,"column":2},"end":{"line":98,"column":36}},"21":{"start":{"line":106,"column":19},"end":{"line":110,"column":13}},"22":{"start":{"line":112,"column":2},"end":{"line":114,"column":3}},"23":{"start":{"line":113,"column":4},"end":{"line":113,"column":33}},"24":{"start":{"line":116,"column":16},"end":{"line":116,"column":81}},"25":{"start":{"line":117,"column":2},"end":{"line":119,"column":3}},"26":{"start":{"line":118,"column":4},"end":{"line":118,"column":57}},"27":{"start":{"line":121,"column":2},"end":{"line":121,"column":66}},"28":{"start":{"line":123,"column":2},"end":{"line":123,"column":23}}},"fnMap":{"0":{"name":"getClubEvents","decl":{"start":{"line":24,"column":22},"end":{"line":24,"column":35}},"loc":{"start":{"line":24,"column":50},"end":{"line":52,"column":1}}},"1":{"name":"(anonymous_1)","decl":{"start":{"line":43,"column":15},"end":{"line":43,"column":16}},"loc":{"start":{"line":43,"column":23},"end":{"line":50,"column":6}}},"2":{"name":"createEvent","decl":{"start":{"line":54,"column":22},"end":{"line":54,"column":33}},"loc":{"start":{"line":58,"column":19},"end":{"line":99,"column":1}}},"3":{"name":"deleteEvent","decl":{"start":{"line":101,"column":22},"end":{"line":101,"column":33}},"loc":{"start":{"line":104,"column":19},"end":{"line":124,"column":1}}}},"branchMap":{"0":{"loc":{"start":{"line":31,"column":2},"end":{"line":33,"column":3}},"type":"if","locations":[{"start":{"line":31,"column":2},"end":{"line":33,"column":3}}]},"1":{"loc":{"start":{"line":66,"column":2},"end":{"line":68,"column":3}},"type":"if","locations":[{"start":{"line":66,"column":2},"end":{"line":68,"column":3}}]},"2":{"loc":{"start":{"line":71,"column":2},"end":{"line":73,"column":3}},"type":"if","locations":[{"start":{"line":71,"column":2},"end":{"line":73,"column":3}}]},"3":{"loc":{"start":{"line":77,"column":2},"end":{"line":79,"column":3}},"type":"if","locations":[{"start":{"line":77,"column":2},"end":{"line":79,"column":3}}]},"4":{"loc":{"start":{"line":77,"column":6},"end":{"line":77,"column":55}},"type":"binary-expr","locations":[{"start":{"line":77,"column":6},"end":{"line":77,"column":12}},{"start":{"line":77,"column":16},"end":{"line":77,"column":27}},{"start":{"line":77,"column":31},"end":{"line":77,"column":42}},{"start":{"line":77,"column":46},"end":{"line":77,"column":55}}]},"5":{"loc":{"start":{"line":82,"column":2},"end":{"line":84,"column":3}},"type":"if","locations":[{"start":{"line":82,"column":2},"end":{"line":84,"column":3}}]},"6":{"loc":{"start":{"line":94,"column":30},"end":{"line":94,"column":47}},"type":"binary-expr","locations":[{"start":{"line":94,"column":30},"end":{"line":94,"column":41}},{"start":{"line":94,"column":45},"end":{"line":94,"column":47}}]},"7":{"loc":{"start":{"line":112,"column":2},"end":{"line":114,"column":3}},"type":"if","locations":[{"start":{"line":112,"column":2},"end":{"line":114,"column":3}}]},"8":{"loc":{"start":{"line":117,"column":2},"end":{"line":119,"column":3}},"type":"if","locations":[{"start":{"line":117,"column":2},"end":{"line":119,"column":3}}]}},"s":{"0":3,"1":2,"2":1,"3":1,"4":1,"5":1,"6":1,"7":6,"8":5,"9":1,"10":4,"11":4,"12":1,"13":3,"14":3,"15":1,"16":2,"17":2,"18":1,"19":1,"20":1,"21":4,"22":3,"23":1,"24":2,"25":2,"26":1,"27":1,"28":1},"f":{"0":3,"1":1,"2":6,"3":4},"b":{"0":[1],"1":[1],"2":[1],"3":[1],"4":[3,3,2,2],"5":[1],"6":[1,0],"7":[1],"8":[1]}}
,"/home/runner/workspace/artifacts/api-server/src/services/leaderHelpers.ts": {"path":"/home/runner/workspace/artifacts/api-server/src/services/leaderHelpers.ts","statementMap":{"0":{"start":{"line":9,"column":18},"end":{"line":12,"column":48}},"1":{"start":{"line":14,"column":19},"end":{"line":14,"column":60}},"2":{"start":{"line":14,"column":39},"end":{"line":14,"column":59}},"3":{"start":{"line":15,"column":2},"end":{"line":15,"column":28}},"4":{"start":{"line":15,"column":16},"end":{"line":15,"column":28}},"5":{"start":{"line":17,"column":18},"end":{"line":17,"column":60}},"6":{"start":{"line":17,"column":38},"end":{"line":17,"column":59}},"7":{"start":{"line":18,"column":2},"end":{"line":24,"column":3}},"8":{"start":{"line":19,"column":4},"end":{"line":22,"column":50}},"9":{"start":{"line":23,"column":4},"end":{"line":23,"column":16}},"10":{"start":{"line":26,"column":2},"end":{"line":26,"column":15}}},"fnMap":{"0":{"name":"resolveLeaderStatus","decl":{"start":{"line":4,"column":22},"end":{"line":4,"column":41}},"loc":{"start":{"line":7,"column":19},"end":{"line":27,"column":1}}},"1":{"name":"(anonymous_1)","decl":{"start":{"line":14,"column":32},"end":{"line":14,"column":33}},"loc":{"start":{"line":14,"column":39},"end":{"line":14,"column":59}}},"2":{"name":"(anonymous_2)","decl":{"start":{"line":17,"column":31},"end":{"line":17,"column":32}},"loc":{"start":{"line":17,"column":38},"end":{"line":17,"column":59}}}},"branchMap":{"0":{"loc":{"start":{"line":15,"column":2},"end":{"line":15,"column":28}},"type":"if","locations":[{"start":{"line":15,"column":2},"end":{"line":15,"column":28}}]},"1":{"loc":{"start":{"line":18,"column":2},"end":{"line":24,"column":3}},"type":"if","locations":[{"start":{"line":18,"column":2},"end":{"line":24,"column":3}}]}},"s":{"0":21,"1":21,"2":21,"3":21,"4":13,"5":8,"6":8,"7":8,"8":1,"9":1,"10":7},"f":{"0":21,"1":21,"2":8},"b":{"0":[13],"1":[1]}}
,"/home/runner/workspace/artifacts/api-server/src/services/leaderService.ts": {"path":"/home/runner/workspace/artifacts/api-server/src/services/leaderService.ts","statementMap":{"0":{"start":{"line":19,"column":18},"end":{"line":23,"column":13}},"1":{"start":{"line":25,"column":2},"end":{"line":27,"column":3}},"2":{"start":{"line":26,"column":4},"end":{"line":26,"column":33}},"3":{"start":{"line":29,"column":16},"end":{"line":29,"column":80}},"4":{"start":{"line":30,"column":2},"end":{"line":32,"column":3}},"5":{"start":{"line":31,"column":4},"end":{"line":31,"column":57}},"6":{"start":{"line":34,"column":2},"end":{"line":36,"column":3}},"7":{"start":{"line":35,"column":4},"end":{"line":35,"column":58}},"8":{"start":{"line":38,"column":23},"end":{"line":42,"column":13}},"9":{"start":{"line":44,"column":19},"end":{"line":53,"column":16}},"10":{"start":{"line":55,"column":2},"end":{"line":55,"column":38}},"11":{"start":{"line":64,"column":18},"end":{"line":68,"column":13}},"12":{"start":{"line":70,"column":2},"end":{"line":72,"column":3}},"13":{"start":{"line":71,"column":4},"end":{"line":71,"column":33}},"14":{"start":{"line":74,"column":16},"end":{"line":74,"column":80}},"15":{"start":{"line":75,"column":2},"end":{"line":77,"column":3}},"16":{"start":{"line":76,"column":4},"end":{"line":76,"column":57}},"17":{"start":{"line":79,"column":23},"end":{"line":88,"column":13}},"18":{"start":{"line":90,"column":2},"end":{"line":92,"column":3}},"19":{"start":{"line":91,"column":4},"end":{"line":91,"column":33}},"20":{"start":{"line":94,"column":2},"end":{"line":96,"column":56}},"21":{"start":{"line":98,"column":2},"end":{"line":98,"column":23}}},"fnMap":{"0":{"name":"addLeader","decl":{"start":{"line":13,"column":22},"end":{"line":13,"column":31}},"loc":{"start":{"line":17,"column":25},"end":{"line":56,"column":1}}},"1":{"name":"removeLeader","decl":{"start":{"line":58,"column":22},"end":{"line":58,"column":34}},"loc":{"start":{"line":62,"column":25},"end":{"line":99,"column":1}}}},"branchMap":{"0":{"loc":{"start":{"line":25,"column":2},"end":{"line":27,"column":3}},"type":"if","locations":[{"start":{"line":25,"column":2},"end":{"line":27,"column":3}}]},"1":{"loc":{"start":{"line":30,"column":2},"end":{"line":32,"column":3}},"type":"if","locations":[{"start":{"line":30,"column":2},"end":{"line":32,"column":3}}]},"2":{"loc":{"start":{"line":34,"column":2},"end":{"line":36,"column":3}},"type":"if","locations":[{"start":{"line":34,"column":2},"end":{"line":36,"column":3}}]},"3":{"loc":{"start":{"line":34,"column":6},"end":{"line":34,"column":48}},"type":"binary-expr","locations":[{"start":{"line":34,"column":6},"end":{"line":34,"column":17}},{"start":{"line":34,"column":21},"end":{"line":34,"column":32}},{"start":{"line":34,"column":36},"end":{"line":34,"column":48}}]},"4":{"loc":{"start":{"line":48,"column":15},"end":{"line":48,"column":42}},"type":"binary-expr","locations":[{"start":{"line":48,"column":15},"end":{"line":48,"column":34}},{"start":{"line":48,"column":38},"end":{"line":48,"column":42}}]},"5":{"loc":{"start":{"line":70,"column":2},"end":{"line":72,"column":3}},"type":"if","locations":[{"start":{"line":70,"column":2},"end":{"line":72,"column":3}}]},"6":{"loc":{"start":{"line":75,"column":2},"end":{"line":77,"column":3}},"type":"if","locations":[{"start":{"line":75,"column":2},"end":{"line":77,"column":3}}]},"7":{"loc":{"start":{"line":90,"column":2},"end":{"line":92,"column":3}},"type":"if","locations":[{"start":{"line":90,"column":2},"end":{"line":92,"column":3}}]}},"s":{"0":5,"1":4,"2":1,"3":3,"4":3,"5":1,"6":2,"7":1,"8":1,"9":1,"10":1,"11":5,"12":4,"13":1,"14":3,"15":3,"16":1,"17":2,"18":2,"19":1,"20":1,"21":1},"f":{"0":5,"1":5},"b":{"0":[1],"1":[1],"2":[1],"3":[2,2,1],"4":[1,1],"5":[1],"6":[1],"7":[1]}}
,"/home/runner/workspace/artifacts/api-server/src/services/types.ts": {"path":"/home/runner/workspace/artifacts/api-server/src/services/types.ts","statementMap":{"0":{"start":{"line":6,"column":2},"end":{"line":6,"column":28}},"1":{"start":{"line":10,"column":2},"end":{"line":10,"column":38}}},"fnMap":{"0":{"name":"ok","decl":{"start":{"line":5,"column":16},"end":{"line":5,"column":18}},"loc":{"start":{"line":5,"column":29},"end":{"line":7,"column":1}}},"1":{"name":"err","decl":{"start":{"line":9,"column":16},"end":{"line":9,"column":19}},"loc":{"start":{"line":9,"column":49},"end":{"line":11,"column":1}}}},"branchMap":{},"s":{"0":29,"1":35},"f":{"0":29,"1":35},"b":{}}
,"/home/runner/workspace/artifacts/api-server/src/services/userService.ts": {"path":"/home/runner/workspace/artifacts/api-server/src/services/userService.ts","statementMap":{"0":{"start":{"line":35,"column":16},"end":{"line":39,"column":13}},"1":{"start":{"line":41,"column":2},"end":{"line":43,"column":3}},"2":{"start":{"line":42,"column":4},"end":{"line":42,"column":38}},"3":{"start":{"line":45,"column":12},"end":{"line":45,"column":20}},"4":{"start":{"line":46,"column":2},"end":{"line":51,"column":5}},"5":{"start":{"line":55,"column":16},"end":{"line":59,"column":13}},"6":{"start":{"line":61,"column":2},"end":{"line":63,"column":3}},"7":{"start":{"line":62,"column":4},"end":{"line":62,"column":38}},"8":{"start":{"line":65,"column":12},"end":{"line":65,"column":20}},"9":{"start":{"line":66,"column":2},"end":{"line":75,"column":5}},"10":{"start":{"line":82,"column":59},"end":{"line":82,"column":85}},"11":{"start":{"line":84,"column":2},"end":{"line":86,"column":3}},"12":{"start":{"line":85,"column":4},"end":{"line":85,"column":60}},"13":{"start":{"line":87,"column":2},"end":{"line":89,"column":3}},"14":{"start":{"line":88,"column":4},"end":{"line":88,"column":69}},"15":{"start":{"line":90,"column":2},"end":{"line":92,"column":3}},"16":{"start":{"line":91,"column":4},"end":{"line":91,"column":77}},"17":{"start":{"line":93,"column":2},"end":{"line":95,"column":3}},"18":{"start":{"line":94,"column":4},"end":{"line":94,"column":77}},"19":{"start":{"line":96,"column":2},"end":{"line":98,"column":3}},"20":{"start":{"line":97,"column":4},"end":{"line":97,"column":67}},"21":{"start":{"line":99,"column":2},"end":{"line":101,"column":3}},"22":{"start":{"line":100,"column":4},"end":{"line":100,"column":71}},"23":{"start":{"line":102,"column":2},"end":{"line":104,"column":3}},"24":{"start":{"line":103,"column":4},"end":{"line":103,"column":81}},"25":{"start":{"line":106,"column":2},"end":{"line":106,"column":76}},"26":{"start":{"line":108,"column":16},"end":{"line":112,"column":13}},"27":{"start":{"line":114,"column":2},"end":{"line":116,"column":3}},"28":{"start":{"line":115,"column":4},"end":{"line":115,"column":38}},"29":{"start":{"line":118,"column":12},"end":{"line":118,"column":20}},"30":{"start":{"line":119,"column":2},"end":{"line":128,"column":5}}},"fnMap":{"0":{"name":"getMe","decl":{"start":{"line":34,"column":22},"end":{"line":34,"column":27}},"loc":{"start":{"line":34,"column":42},"end":{"line":52,"column":1}}},"1":{"name":"getSettings","decl":{"start":{"line":54,"column":22},"end":{"line":54,"column":33}},"loc":{"start":{"line":54,"column":48},"end":{"line":76,"column":1}}},"2":{"name":"updateSettings","decl":{"start":{"line":78,"column":22},"end":{"line":78,"column":36}},"loc":{"start":{"line":80,"column":28},"end":{"line":129,"column":1}}}},"branchMap":{"0":{"loc":{"start":{"line":41,"column":2},"end":{"line":43,"column":3}},"type":"if","locations":[{"start":{"line":41,"column":2},"end":{"line":43,"column":3}}]},"1":{"loc":{"start":{"line":61,"column":2},"end":{"line":63,"column":3}},"type":"if","locations":[{"start":{"line":61,"column":2},"end":{"line":63,"column":3}}]},"2":{"loc":{"start":{"line":84,"column":2},"end":{"line":86,"column":3}},"type":"if","locations":[{"start":{"line":84,"column":2},"end":{"line":86,"column":3}}]},"3":{"loc":{"start":{"line":87,"column":2},"end":{"line":89,"column":3}},"type":"if","locations":[{"start":{"line":87,"column":2},"end":{"line":89,"column":3}}]},"4":{"loc":{"start":{"line":90,"column":2},"end":{"line":92,"column":3}},"type":"if","locations":[{"start":{"line":90,"column":2},"end":{"line":92,"column":3}}]},"5":{"loc":{"start":{"line":93,"column":2},"end":{"line":95,"column":3}},"type":"if","locations":[{"start":{"line":93,"column":2},"end":{"line":95,"column":3}}]},"6":{"loc":{"start":{"line":96,"column":2},"end":{"line":98,"column":3}},"type":"if","locations":[{"start":{"line":96,"column":2},"end":{"line":98,"column":3}}]},"7":{"loc":{"start":{"line":99,"column":2},"end":{"line":101,"column":3}},"type":"if","locations":[{"start":{"line":99,"column":2},"end":{"line":101,"column":3}}]},"8":{"loc":{"start":{"line":102,"column":2},"end":{"line":104,"column":3}},"type":"if","locations":[{"start":{"line":102,"column":2},"end":{"line":104,"column":3}}]},"9":{"loc":{"start":{"line":114,"column":2},"end":{"line":116,"column":3}},"type":"if","locations":[{"start":{"line":114,"column":2},"end":{"line":116,"column":3}}]}},"s":{"0":4,"1":3,"2":1,"3":2,"4":2,"5":3,"6":2,"7":1,"8":1,"9":1,"10":4,"11":4,"12":4,"13":4,"14":1,"15":4,"16":1,"17":4,"18":2,"19":4,"20":1,"21":4,"22":1,"23":4,"24":1,"25":4,"26":3,"27":3,"28":1,"29":2,"30":2},"f":{"0":4,"1":3,"2":4},"b":{"0":[1],"1":[1],"2":[4],"3":[1],"4":[1],"5":[2],"6":[1],"7":[1],"8":[1],"9":[1]}}
,"/home/runner/workspace/artifacts/api-server/src/services/utils.ts": {"path":"/home/runner/workspace/artifacts/api-server/src/services/utils.ts","statementMap":{"0":{"start":{"line":2,"column":2},"end":{"line":7,"column":29}},"1":{"start":{"line":11,"column":2},"end":{"line":11,"column":48}}},"fnMap":{"0":{"name":"htmlEscape","decl":{"start":{"line":1,"column":16},"end":{"line":1,"column":26}},"loc":{"start":{"line":1,"column":38},"end":{"line":8,"column":1}}},"1":{"name":"todayUtc","decl":{"start":{"line":10,"column":16},"end":{"line":10,"column":24}},"loc":{"start":{"line":10,"column":24},"end":{"line":12,"column":1}}}},"branchMap":{},"s":{"0":26,"1":9},"f":{"0":26,"1":9},"b":{}}
}
