TN:
SF:src/middlewares/auth.ts
FN:13,generateToken
FN:17,requireAuth
FNF:2
FNH:2
FNDA:1,generateToken
FNDA:114,requireAuth
DA:11,9
DA:14,1
DA:22,114
DA:23,114
DA:24,19
DA:25,19
DA:28,95
DA:29,95
DA:30,95
DA:31,90
DA:32,90
DA:33,2
DA:34,2
DA:36,88
DA:37,88
DA:38,88
DA:40,5
LF:17
LH:17
BRDA:11,0,0,9
BRDA:11,0,1,9
BRDA:23,1,0,19
BRDA:23,2,0,114
BRDA:23,2,1,96
BRDA:32,3,0,2
BRF:6
BRH:6
end_of_record
TN:
SF:src/routes/calendar.ts
FN:7,(anonymous_0)
FNF:1
FNH:1
FNDA:8,(anonymous_0)
DA:5,9
DA:7,9
DA:8,8
DA:9,8
DA:10,8
DA:11,8
DA:13,8
DA:14,7
DA:15,3
DA:16,3
DA:18,4
DA:20,1
DA:21,1
LF:13
LH:13
BRDA:10,0,0,6
BRDA:10,0,1,2
BRDA:11,1,0,6
BRDA:11,1,1,2
BRDA:14,2,0,3
BRF:5
BRH:5
end_of_record
TN:
SF:src/routes/clubs.ts
FN:14,(anonymous_0)
FN:28,(anonymous_1)
FN:42,(anonymous_2)
FN:61,(anonymous_3)
FN:75,(anonymous_4)
FN:94,(anonymous_5)
FNF:6
FNH:6
FNDA:3,(anonymous_0)
FNDA:4,(anonymous_1)
FNDA:5,(anonymous_2)
FNDA:7,(anonymous_3)
FNDA:7,(anonymous_4)
FNDA:6,(anonymous_5)
DA:12,9
DA:14,9
DA:15,3
DA:16,3
DA:17,2
DA:18,0
DA:19,0
DA:21,2
DA:23,1
DA:24,1
DA:28,9
DA:29,4
DA:30,4
DA:31,3
DA:32,0
DA:33,0
DA:35,3
DA:37,1
DA:38,1
DA:42,9
DA:43,5
DA:44,5
DA:45,5
DA:46,1
DA:47,1
DA:49,4
DA:50,3
DA:51,1
DA:52,1
DA:54,2
DA:56,1
DA:57,1
DA:61,9
DA:62,7
DA:63,7
DA:64,6
DA:65,5
DA:66,5
DA:68,1
DA:70,1
DA:71,1
DA:75,9
DA:76,7
DA:77,7
DA:78,7
DA:79,0
DA:80,0
DA:82,7
DA:83,6
DA:84,4
DA:85,4
DA:87,2
DA:89,1
DA:90,1
DA:94,9
DA:95,6
DA:96,6
DA:97,6
DA:98,0
DA:99,0
DA:101,6
DA:102,5
DA:103,3
DA:104,3
DA:106,2
DA:108,1
DA:109,1
LF:67
LH:59
BRDA:17,0,0,0
BRDA:31,1,0,0
BRDA:45,2,0,1
BRDA:50,3,0,1
BRDA:64,4,0,5
BRDA:78,5,0,0
BRDA:83,6,0,4
BRDA:97,7,0,0
BRDA:102,8,0,3
BRF:9
BRH:5
end_of_record
TN:
SF:src/routes/enrollment.ts
FN:7,(anonymous_0)
FN:26,(anonymous_1)
FNF:2
FNH:2
FNDA:5,(anonymous_0)
FNDA:5,(anonymous_1)
DA:5,9
DA:7,9
DA:8,5
DA:9,5
DA:10,5
DA:11,1
DA:12,1
DA:14,4
DA:15,3
DA:16,1
DA:17,1
DA:19,2
DA:21,1
DA:22,1
DA:26,9
DA:27,5
DA:28,5
DA:29,5
DA:30,1
DA:31,1
DA:33,4
DA:34,3
DA:35,2
DA:36,2
DA:38,1
DA:40,1
DA:41,1
LF:27
LH:27
BRDA:10,0,0,1
BRDA:15,1,0,1
BRDA:29,2,0,1
BRDA:34,3,0,2
BRF:4
BRH:4
end_of_record
TN:
SF:src/routes/events.ts
FN:7,(anonymous_0)
FN:26,(anonymous_1)
FN:45,(anonymous_2)
FNF:3
FNH:3
FNDA:4,(anonymous_0)
FNDA:6,(anonymous_1)
FNDA:5,(anonymous_2)
DA:5,9
DA:7,9
DA:8,4
DA:9,4
DA:10,4
DA:11,1
DA:12,1
DA:14,3
DA:15,2
DA:16,1
DA:17,1
DA:19,1
DA:21,1
DA:22,1
DA:26,9
DA:27,6
DA:28,6
DA:29,6
DA:30,0
DA:31,0
DA:33,6
DA:34,5
DA:35,4
DA:36,4
DA:38,1
DA:40,1
DA:41,1
DA:45,9
DA:46,5
DA:47,5
DA:48,5
DA:49,1
DA:50,1
DA:52,4
DA:53,3
DA:54,2
DA:55,2
DA:57,1
DA:59,1
DA:60,1
LF:40
LH:38
BRDA:10,0,0,1
BRDA:15,1,0,1
BRDA:29,2,0,0
BRDA:34,3,0,4
BRDA:48,4,0,1
BRDA:53,5,0,2
BRF:6
BRH:5
end_of_record
TN:
SF:src/routes/leaders.ts
FN:7,(anonymous_0)
FN:26,(anonymous_1)
FNF:2
FNH:2
FNDA:6,(anonymous_0)
FNDA:6,(anonymous_1)
DA:5,9
DA:7,9
DA:8,6
DA:9,6
DA:10,6
DA:11,1
DA:12,1
DA:14,5
DA:15,4
DA:16,3
DA:17,3
DA:19,1
DA:21,1
DA:22,1
DA:26,9
DA:27,6
DA:28,6
DA:29,6
DA:30,6
DA:31,1
DA:32,1
DA:34,5
DA:35,4
DA:36,3
DA:37,3
DA:39,1
DA:41,1
DA:42,1
LF:28
LH:28
BRDA:10,0,0,1
BRDA:15,1,0,3
BRDA:30,2,0,1
BRDA:30,3,0,6
BRDA:30,3,1,5
BRDA:35,4,0,3
BRF:6
BRH:6
end_of_record
TN:
SF:src/routes/user.ts
FN:7,(anonymous_0)
FN:21,(anonymous_1)
FN:35,(anonymous_2)
FNF:3
FNH:3
FNDA:4,(anonymous_0)
FNDA:3,(anonymous_1)
FNDA:4,(anonymous_2)
DA:5,9
DA:7,9
DA:8,4
DA:9,4
DA:10,3
DA:11,1
DA:12,1
DA:14,2
DA:16,1
DA:17,1
DA:21,9
DA:22,3
DA:23,3
DA:24,2
DA:25,1
DA:26,1
DA:28,1
DA:30,1
DA:31,1
DA:35,9
DA:36,4
DA:37,4
DA:38,3
DA:39,1
DA:40,1
DA:42,2
DA:44,1
DA:45,1
LF:28
LH:28
BRDA:10,0,0,1
BRDA:24,1,0,1
BRDA:38,2,0,1
BRF:3
BRH:3
end_of_record
TN:
SF:src/services/calendarService.ts
FN:17,getCalendarEvents
FN:66,(anonymous_1)
FN:69,(anonymous_2)
FNF:3
FNH:3
FNDA:8,getCalendarEvents
FNDA:3,(anonymous_1)
FNDA:3,(anonymous_2)
DA:22,8
DA:23,2
DA:29,6
DA:30,5
DA:31,1
DA:33,4
DA:34,4
DA:35,4
DA:37,1
DA:38,1
DA:39,1
DA:40,1
DA:41,1
DA:42,1
DA:45,5
DA:61,4
DA:66,4
DA:68,4
DA:69,3
LF:19
LH:19
BRDA:22,0,0,2
BRDA:29,1,0,5
BRDA:29,1,1,1
BRDA:29,2,0,6
BRDA:29,2,1,5
BRDA:30,3,0,1
BRDA:30,4,0,5
BRDA:30,4,1,5
BRDA:30,4,2,5
BRDA:30,4,3,5
BRF:10
BRH:10
end_of_record
TN:
SF:src/services/clubService.ts
FN:67,listClubs
FN:78,(anonymous_1)
FN:80,(anonymous_2)
FN:82,(anonymous_3)
FN:84,(anonymous_4)
FN:104,listLeadingClubs
FN:126,(anonymous_6)
FN:141,(anonymous_7)
FN:173,getClub
FN:209,(anonymous_9)
FN:233,(anonymous_10)
FN:234,(anonymous_11)
FN:245,createClub
FN:270,(anonymous_13)
FN:322,updateClub
FN:402,deleteClub
FNF:16
FNH:15
FNDA:3,listClubs
FNDA:1,(anonymous_1)
FNDA:1,(anonymous_2)
FNDA:1,(anonymous_3)
FNDA:1,(anonymous_4)
FNDA:4,listLeadingClubs
FNDA:2,(anonymous_6)
FNDA:2,(anonymous_7)
FNDA:4,getClub
FNDA:2,(anonymous_9)
FNDA:2,(anonymous_10)
FNDA:0,(anonymous_11)
FNDA:7,createClub
FNDA:3,(anonymous_13)
FNDA:7,updateClub
FNDA:6,deleteClub
DA:71,3
DA:72,2
DA:76,2
DA:78,2
DA:80,2
DA:81,1
DA:82,1
DA:83,1
DA:84,1
DA:86,1
DA:101,2
DA:108,4
DA:110,4
DA:117,3
DA:118,2
DA:119,1
DA:126,3
DA:127,3
DA:128,1
DA:131,2
DA:132,2
DA:133,2
DA:138,2
DA:139,2
DA:141,2
DA:143,2
DA:154,2
DA:170,2
DA:178,4
DA:184,3
DA:185,1
DA:188,2
DA:189,2
DA:191,2
DA:207,2
DA:208,2
DA:209,2
DA:212,2
DA:213,2
DA:214,1
DA:221,2
DA:233,2
DA:234,0
DA:250,7
DA:252,7
DA:253,1
DA:256,6
DA:257,1
DA:260,5
DA:261,1
DA:264,4
DA:270,3
DA:271,3
DA:272,1
DA:275,2
DA:281,2
DA:282,1
DA:285,1
DA:286,1
DA:301,1
DA:303,1
DA:304,1
DA:305,1
DA:314,1
DA:319,1
DA:328,7
DA:334,6
DA:335,1
DA:338,5
DA:339,5
DA:340,1
DA:343,4
DA:345,4
DA:346,2
DA:351,2
DA:352,1
DA:356,3
DA:357,1
DA:360,2
DA:365,2
DA:366,2
DA:367,1
DA:370,2
DA:372,2
DA:386,2
DA:387,1
DA:388,1
DA:389,1
DA:399,2
DA:407,6
DA:413,5
DA:414,1
DA:417,4
DA:418,4
DA:419,2
DA:422,2
DA:424,2
LF:97
LH:96
BRDA:84,0,0,1
BRDA:84,0,1,0
BRDA:118,1,0,1
BRDA:127,2,0,1
BRDA:138,3,0,0
BRDA:164,4,0,2
BRDA:164,4,1,0
BRDA:165,5,0,2
BRDA:165,5,1,0
BRDA:166,6,0,2
BRDA:166,6,1,0
BRDA:184,7,0,1
BRDA:209,8,0,2
BRDA:209,8,1,1
BRDA:213,9,0,1
BRDA:213,10,0,2
BRDA:213,10,1,1
BRDA:252,11,0,1
BRDA:252,12,0,7
BRDA:252,12,1,6
BRDA:256,13,0,1
BRDA:260,14,0,1
BRDA:260,15,0,5
BRDA:260,15,1,5
BRDA:270,16,0,3
BRDA:270,16,1,0
BRDA:271,17,0,1
BRDA:281,18,0,1
BRDA:290,19,0,1
BRDA:290,19,1,0
BRDA:293,20,0,1
BRDA:293,20,1,0
BRDA:294,21,0,1
BRDA:294,21,1,0
BRDA:295,22,0,1
BRDA:295,22,1,0
BRDA:296,23,0,1
BRDA:296,23,1,0
BRDA:301,24,0,1
BRDA:301,24,1,0
BRDA:307,25,0,1
BRDA:307,25,1,0
BRDA:334,26,0,1
BRDA:339,27,0,1
BRDA:345,28,0,2
BRDA:345,29,0,4
BRDA:345,29,1,2
BRDA:351,30,0,1
BRDA:351,31,0,2
BRDA:351,31,1,1
BRDA:356,32,0,1
BRDA:356,33,0,3
BRDA:356,33,1,3
BRDA:370,34,0,1
BRDA:370,34,1,1
BRDA:375,35,0,1
BRDA:375,35,1,1
BRDA:376,36,0,2
BRDA:376,36,1,0
BRDA:377,37,0,2
BRDA:377,37,1,0
BRDA:378,38,0,1
BRDA:378,38,1,1
BRDA:379,39,0,1
BRDA:379,39,1,1
BRDA:380,40,0,1
BRDA:380,40,1,1
BRDA:381,41,0,1
BRDA:381,41,1,1
BRDA:386,42,0,1
BRDA:391,43,0,1
BRDA:391,43,1,0
BRDA:413,44,0,1
BRDA:418,45,0,2
BRF:74
BRH:58
end_of_record
TN:
SF:src/services/enrollmentService.ts
FN:5,enroll
FN:39,unenroll
FN:59,(anonymous_2)
FNF:3
FNH:3
FNDA:4,enroll
FNDA:4,unenroll
FNDA:1,(anonymous_2)
DA:9,4
DA:15,3
DA:16,1
DA:19,2
DA:27,2
DA:28,1
DA:31,1
DA:36,1
DA:44,4
DA:50,3
DA:51,1
DA:54,2
DA:59,2
DA:60,2
DA:61,1
DA:64,1
DA:68,1
LF:17
LH:17
BRDA:15,0,0,1
BRDA:27,1,0,1
BRDA:50,2,0,1
BRDA:59,3,0,1
BRDA:59,3,1,0
BRDA:60,4,0,1
BRF:6
BRH:5
end_of_record
TN:
SF:src/services/eventService.ts
FN:24,getClubEvents
FN:43,(anonymous_1)
FN:54,createEvent
FN:101,deleteEvent
FNF:4
FNH:4
FNDA:3,getClubEvents
FNDA:1,(anonymous_1)
FNDA:6,createEvent
FNDA:4,deleteEvent
DA:25,3
DA:31,2
DA:32,1
DA:35,1
DA:36,1
DA:42,1
DA:43,1
DA:60,6
DA:66,5
DA:67,1
DA:70,4
DA:71,4
DA:72,1
DA:75,3
DA:77,3
DA:78,1
DA:81,2
DA:82,2
DA:83,1
DA:86,1
DA:98,1
DA:106,4
DA:112,3
DA:113,1
DA:116,2
DA:117,2
DA:118,1
DA:121,1
DA:123,1
LF:29
LH:29
BRDA:31,0,0,1
BRDA:66,1,0,1
BRDA:71,2,0,1
BRDA:77,3,0,1
BRDA:77,4,0,3
BRDA:77,4,1,3
BRDA:77,4,2,2
BRDA:77,4,3,2
BRDA:82,5,0,1
BRDA:94,6,0,1
BRDA:94,6,1,0
BRDA:112,7,0,1
BRDA:117,8,0,1
BRF:13
BRH:12
end_of_record
TN:
SF:src/services/leaderHelpers.ts
FN:4,resolveLeaderStatus
FN:14,(anonymous_1)
FN:17,(anonymous_2)
FNF:3
FNH:3
FNDA:21,resolveLeaderStatus
FNDA:21,(anonymous_1)
FNDA:8,(anonymous_2)
DA:9,21
DA:14,21
DA:15,21
DA:17,8
DA:18,8
DA:19,1
DA:23,1
DA:26,7
LF:8
LH:8
BRDA:15,0,0,13
BRDA:18,1,0,1
BRF:2
BRH:2
end_of_record
TN:
SF:src/services/leaderService.ts
FN:13,addLeader
FN:58,removeLeader
FNF:2
FNH:2
FNDA:5,addLeader
FNDA:5,removeLeader
DA:19,5
DA:25,4
DA:26,1
DA:29,3
DA:30,3
DA:31,1
DA:34,2
DA:35,1
DA:38,1
DA:44,1
DA:55,1
DA:64,5
DA:70,4
DA:71,1
DA:74,3
DA:75,3
DA:76,1
DA:79,2
DA:90,2
DA:91,1
DA:94,1
DA:98,1
LF:22
LH:22
BRDA:25,0,0,1
BRDA:30,1,0,1
BRDA:34,2,0,1
BRDA:34,3,0,2
BRDA:34,3,1,2
BRDA:34,3,2,1
BRDA:48,4,0,1
BRDA:48,4,1,1
BRDA:70,5,0,1
BRDA:75,6,0,1
BRDA:90,7,0,1
BRF:11
BRH:11
end_of_record
TN:
SF:src/services/types.ts
FN:5,ok
FN:9,err
FNF:2
FNH:2
FNDA:29,ok
FNDA:35,err
DA:6,29
DA:10,35
LF:2
LH:2
BRF:0
BRH:0
end_of_record
TN:
SF:src/services/userService.ts
FN:34,getMe
FN:54,getSettings
FN:78,updateSettings
FNF:3
FNH:3
FNDA:4,getMe
FNDA:3,getSettings
FNDA:4,updateSettings
DA:35,4
DA:41,3
DA:42,1
DA:45,2
DA:46,2
DA:55,3
DA:61,2
DA:62,1
DA:65,1
DA:66,1
DA:82,4
DA:84,4
DA:85,4
DA:87,4
DA:88,1
DA:90,4
DA:91,1
DA:93,4
DA:94,2
DA:96,4
DA:97,1
DA:99,4
DA:100,1
DA:102,4
DA:103,1
DA:106,4
DA:108,3
DA:114,3
DA:115,1
DA:118,2
DA:119,2
LF:31
LH:31
BRDA:41,0,0,1
BRDA:61,1,0,1
BRDA:84,2,0,4
BRDA:87,3,0,1
BRDA:90,4,0,1
BRDA:93,5,0,2
BRDA:96,6,0,1
BRDA:99,7,0,1
BRDA:102,8,0,1
BRDA:114,9,0,1
BRF:10
BRH:10
end_of_record
TN:
SF:src/services/utils.ts
FN:1,htmlEscape
FN:10,todayUtc
FNF:2
FNH:2
FNDA:26,htmlEscape
FNDA:9,todayUtc
DA:2,26
DA:11,9
LF:2
LH:2
BRF:0
BRH:0
end_of_record
